  [1m[35m (1424.7ms)[0m  [1m[35mCREATE DATABASE "myapp_development" ENCODING = 'unicode'[0m
  [1m[35m (793.3ms)[0m  [1m[35mCREATE DATABASE "myapp_test" ENCODING = 'unicode'[0m
Started GET "/" for 127.0.0.1 at 2022-05-02 19:01:28 -0300
Processing by Rails::WelcomeController#index as HTML
  Rendering /home/alcsilva/.rbenv/versions/3.1.2/lib/ruby/gems/3.1.0/gems/railties-7.0.2.4/lib/rails/templates/rails/welcome/index.html.erb
  Rendered /home/alcsilva/.rbenv/versions/3.1.2/lib/ruby/gems/3.1.0/gems/railties-7.0.2.4/lib/rails/templates/rails/welcome/index.html.erb (Duration: 4.8ms | Allocations: 635)
Completed 200 OK in 51ms (Views: 17.8ms | ActiveRecord: 0.0ms | Allocations: 4922)


Started GET "/" for 127.0.0.1 at 2022-05-02 19:02:02 -0300
Processing by Rails::WelcomeController#index as HTML
  Rendering /home/alcsilva/.rbenv/versions/3.1.2/lib/ruby/gems/3.1.0/gems/railties-7.0.2.4/lib/rails/templates/rails/welcome/index.html.erb
  Rendered /home/alcsilva/.rbenv/versions/3.1.2/lib/ruby/gems/3.1.0/gems/railties-7.0.2.4/lib/rails/templates/rails/welcome/index.html.erb (Duration: 2.3ms | Allocations: 319)
Completed 200 OK in 8ms (Views: 6.1ms | ActiveRecord: 0.0ms | Allocations: 1042)


Started GET "/" for 127.0.0.1 at 2022-05-02 19:03:51 -0300
Processing by Rails::WelcomeController#index as HTML
  Rendering /home/alcsilva/.rbenv/versions/3.1.2/lib/ruby/gems/3.1.0/gems/railties-7.0.2.4/lib/rails/templates/rails/welcome/index.html.erb
  Rendered /home/alcsilva/.rbenv/versions/3.1.2/lib/ruby/gems/3.1.0/gems/railties-7.0.2.4/lib/rails/templates/rails/welcome/index.html.erb (Duration: 2.1ms | Allocations: 528)
Completed 200 OK in 14ms (Views: 5.9ms | ActiveRecord: 0.0ms | Allocations: 3592)


Started GET "/" for 127.0.0.1 at 2022-05-04 14:45:41 -0300
Processing by Rails::WelcomeController#index as HTML
  Rendering /home/alcsilva/.rbenv/versions/3.1.2/lib/ruby/gems/3.1.0/gems/railties-7.0.2.4/lib/rails/templates/rails/welcome/index.html.erb
  Rendered /home/alcsilva/.rbenv/versions/3.1.2/lib/ruby/gems/3.1.0/gems/railties-7.0.2.4/lib/rails/templates/rails/welcome/index.html.erb (Duration: 30.2ms | Allocations: 528)
Completed 200 OK in 49ms (Views: 35.3ms | ActiveRecord: 0.0ms | Allocations: 3607)


Started GET "/home/index" for 127.0.0.1 at 2022-05-04 14:46:07 -0300
Processing by HomeController#index as HTML
  Rendering layout layouts/application.html.erb
  Rendering home/index.html.erb within layouts/application
  Rendered home/index.html.erb within layouts/application (Duration: 6.0ms | Allocations: 148)
  Rendered layout layouts/application.html.erb (Duration: 628.1ms | Allocations: 89404)
Completed 200 OK in 633ms (Views: 631.1ms | ActiveRecord: 0.0ms | Allocations: 90456)


Started GET "/home/index" for 127.0.0.1 at 2022-05-04 14:48:06 -0300
Processing by HomeController#index as HTML
  Rendering layout layouts/application.html.erb
  Rendering home/index.html.erb within layouts/application
  Rendered home/index.html.erb within layouts/application (Duration: 2.0ms | Allocations: 156)
  Rendered layout layouts/application.html.erb (Duration: 77.8ms | Allocations: 2999)
Completed 200 OK in 85ms (Views: 82.8ms | ActiveRecord: 0.0ms | Allocations: 3854)


Started GET "/home/index" for 127.0.0.1 at 2022-05-04 14:50:48 -0300
  
ActionController::RoutingError (No route matches [GET] "/home/index"):
  
Started GET "/" for 127.0.0.1 at 2022-05-04 14:50:54 -0300
Processing by HomeController#index as HTML
  Rendering layout layouts/application.html.erb
  Rendering home/index.html.erb within layouts/application
  Rendered home/index.html.erb within layouts/application (Duration: 0.2ms | Allocations: 26)
  Rendered layout layouts/application.html.erb (Duration: 41.7ms | Allocations: 13763)
Completed 200 OK in 45ms (Views: 44.3ms | ActiveRecord: 0.0ms | Allocations: 14413)


Started GET "/" for 127.0.0.1 at 2022-05-04 14:53:15 -0300
Processing by HomeController#index as HTML
  Rendering layout layouts/application.html.erb
  Rendering home/index.html.erb within layouts/application
  Rendered home/index.html.erb within layouts/application (Duration: 2.2ms | Allocations: 341)
  Rendered layout layouts/application.html.erb (Duration: 147.1ms | Allocations: 34958)
Completed 200 OK in 168ms (Views: 154.6ms | ActiveRecord: 0.0ms | Allocations: 38190)


Started GET "/" for 127.0.0.1 at 2022-05-04 14:53:33 -0300
Processing by HomeController#index as HTML
  Rendering layout layouts/application.html.erb
  Rendering home/index.html.erb within layouts/application
  Rendered home/index.html.erb within layouts/application (Duration: 0.2ms | Allocations: 20)
  Rendered layout layouts/application.html.erb (Duration: 14.2ms | Allocations: 2493)
Completed 200 OK in 17ms (Views: 15.9ms | ActiveRecord: 0.0ms | Allocations: 2827)


Started GET "/" for 127.0.0.1 at 2022-05-04 14:58:00 -0300
  
SyntaxError (/home/alcsilva/myapp/app/controllers/home_controller.rb:5: syntax error, unexpected end-of-input, expecting `end'):
  
app/controllers/home_controller.rb:5: syntax error, unexpected end-of-input, expecting `end'
app/controllers/home_controller.rb:5: syntax error, unexpected end-of-input, expecting `end'
app/controllers/home_controller.rb:5: syntax error, unexpected end-of-input, expecting `end'
Started GET "/" for 127.0.0.1 at 2022-05-04 14:58:35 -0300
  
SyntaxError (/home/alcsilva/myapp/app/controllers/home_controller.rb:5: syntax error, unexpected end-of-input, expecting `end'):
  
app/controllers/home_controller.rb:5: syntax error, unexpected end-of-input, expecting `end'
app/controllers/home_controller.rb:5: syntax error, unexpected end-of-input, expecting `end'
app/controllers/home_controller.rb:5: syntax error, unexpected end-of-input, expecting `end'
Started GET "/" for 127.0.0.1 at 2022-05-04 15:02:46 -0300
  
SyntaxError (/home/alcsilva/myapp/app/controllers/home_controller.rb:5: syntax error, unexpected end-of-input, expecting `end'):
  
app/controllers/home_controller.rb:5: syntax error, unexpected end-of-input, expecting `end'
app/controllers/home_controller.rb:5: syntax error, unexpected end-of-input, expecting `end'
app/controllers/home_controller.rb:5: syntax error, unexpected end-of-input, expecting `end'
Started GET "/" for 127.0.0.1 at 2022-05-04 15:03:21 -0300
  
SyntaxError (/home/alcsilva/myapp/app/controllers/home_controller.rb:5: syntax error, unexpected end-of-input, expecting `end'):
  
app/controllers/home_controller.rb:5: syntax error, unexpected end-of-input, expecting `end'
app/controllers/home_controller.rb:5: syntax error, unexpected end-of-input, expecting `end'
app/controllers/home_controller.rb:5: syntax error, unexpected end-of-input, expecting `end'
Started GET "/" for 127.0.0.1 at 2022-05-04 15:03:35 -0300
  
SyntaxError (/home/alcsilva/myapp/app/controllers/home_controller.rb:4: syntax error, unexpected end-of-input, expecting `end'):
  
app/controllers/home_controller.rb:4: syntax error, unexpected end-of-input, expecting `end'
app/controllers/home_controller.rb:4: syntax error, unexpected end-of-input, expecting `end'
app/controllers/home_controller.rb:4: syntax error, unexpected end-of-input, expecting `end'
Started GET "/" for 127.0.0.1 at 2022-05-04 15:03:46 -0300
  
SyntaxError (/home/alcsilva/myapp/app/controllers/home_controller.rb:3: syntax error, unexpected end-of-input, expecting `end'
  end
     ^
):
  
app/controllers/home_controller.rb:3: syntax error, unexpected end-of-input, expecting `end'
app/controllers/home_controller.rb:3: syntax error, unexpected end-of-input, expecting `end'
app/controllers/home_controller.rb:3: syntax error, unexpected end-of-input, expecting `end'
Started GET "/" for 127.0.0.1 at 2022-05-04 15:04:44 -0300
Processing by HomeController#index as HTML
  Rendering layout layouts/application.html.erb
  Rendering home/index.html.erb within layouts/application
  Rendered home/index.html.erb within layouts/application (Duration: 0.9ms | Allocations: 156)
  Rendered layout layouts/application.html.erb (Duration: 107.1ms | Allocations: 34153)
Completed 200 OK in 115ms (Views: 109.4ms | ActiveRecord: 0.0ms | Allocations: 36362)


Started GET "/" for 127.0.0.1 at 2022-05-04 15:05:22 -0300
Processing by HomeController#index as HTML
  Rendering layout layouts/application.html.erb
  Rendering home/index.html.erb within layouts/application
  Rendered home/index.html.erb within layouts/application (Duration: 1.4ms | Allocations: 149)
  Rendered layout layouts/application.html.erb (Duration: 14.5ms | Allocations: 2998)
Completed 200 OK in 21ms (Views: 19.0ms | ActiveRecord: 0.0ms | Allocations: 3843)


Started GET "/" for 127.0.0.1 at 2022-05-05 15:19:34 -0300
Processing by HomeController#index as HTML
  Rendering layout layouts/application.html.erb
  Rendering home/index.html.erb within layouts/application
  Rendered home/index.html.erb within layouts/application (Duration: 3.5ms | Allocations: 341)
  Rendered layout layouts/application.html.erb (Duration: 305.8ms | Allocations: 34588)
Completed 200 OK in 379ms (Views: 315.2ms | ActiveRecord: 0.0ms | Allocations: 37820)


Started GET "/home/about" for 127.0.0.1 at 2022-05-05 15:23:39 -0300
Processing by HomeController#about as HTML
  Rendering layout layouts/application.html.erb
  Rendering home/about.html.erb within layouts/application
  Rendered home/about.html.erb within layouts/application (Duration: 0.9ms | Allocations: 148)
  Rendered layout layouts/application.html.erb (Duration: 33.2ms | Allocations: 14080)
Completed 200 OK in 38ms (Views: 35.9ms | ActiveRecord: 0.0ms | Allocations: 15061)


Started GET "/" for 127.0.0.1 at 2022-05-05 16:13:39 -0300
Processing by HomeController#index as HTML
  Rendering layout layouts/application.html.erb
  Rendering home/index.html.erb within layouts/application
  Rendered home/index.html.erb within layouts/application (Duration: 1.7ms | Allocations: 341)
  Rendered layout layouts/application.html.erb (Duration: 97.1ms | Allocations: 34396)
Completed 200 OK in 109ms (Views: 101.3ms | ActiveRecord: 0.0ms | Allocations: 37628)


Started GET "/home/about" for 127.0.0.1 at 2022-05-05 16:13:45 -0300
Processing by HomeController#about as HTML
  Rendering layout layouts/application.html.erb
  Rendering home/about.html.erb within layouts/application
  Rendered home/about.html.erb within layouts/application (Duration: 1.1ms | Allocations: 138)
  Rendered layout layouts/application.html.erb (Duration: 11.3ms | Allocations: 2690)
Completed 200 OK in 17ms (Views: 14.3ms | ActiveRecord: 0.0ms | Allocations: 3101)


Started GET "/home/index" for 127.0.0.1 at 2022-05-05 16:13:54 -0300
  
ActionController::RoutingError (No route matches [GET] "/home/index"):
  
Started GET "/" for 127.0.0.1 at 2022-05-05 16:14:00 -0300
Processing by HomeController#index as HTML
  Rendering layout layouts/application.html.erb
  Rendering home/index.html.erb within layouts/application
  Rendered home/index.html.erb within layouts/application (Duration: 0.2ms | Allocations: 18)
  Rendered layout layouts/application.html.erb (Duration: 12.6ms | Allocations: 2604)
Completed 200 OK in 15ms (Views: 14.4ms | ActiveRecord: 0.0ms | Allocations: 2918)


Started GET "/" for 127.0.0.1 at 2022-05-05 16:19:17 -0300
Processing by HomeController#index as HTML
  Rendering layout layouts/application.html.erb
  Rendering home/index.html.erb within layouts/application
  Rendered home/index.html.erb within layouts/application (Duration: 1.0ms | Allocations: 150)
  Rendered layout layouts/application.html.erb (Duration: 141.4ms | Allocations: 3009)
Completed 200 OK in 146ms (Views: 144.6ms | ActiveRecord: 0.0ms | Allocations: 3830)


Started GET "/home/about" for 127.0.0.1 at 2022-05-05 16:19:24 -0300
Processing by HomeController#about as HTML
  Rendering layout layouts/application.html.erb
  Rendering home/about.html.erb within layouts/application
  Rendered home/about.html.erb within layouts/application (Duration: 1.3ms | Allocations: 117)
  Rendered layout layouts/application.html.erb (Duration: 16.8ms | Allocations: 2492)
Completed 200 OK in 21ms (Views: 19.1ms | ActiveRecord: 0.0ms | Allocations: 2834)


Started GET "/home/about" for 127.0.0.1 at 2022-05-05 16:23:23 -0300
Processing by HomeController#about as HTML
  Rendering layout layouts/application.html.erb
  Rendering home/about.html.erb within layouts/application
  Rendered home/about.html.erb within layouts/application (Duration: 1.5ms | Allocations: 144)
  Rendered layout layouts/application.html.erb (Duration: 12.7ms | Allocations: 2988)
Completed 200 OK in 34ms (Views: 31.7ms | Allocations: 3810)


Started GET "/home/about" for 127.0.0.1 at 2022-05-05 16:24:05 -0300
Processing by HomeController#about as HTML
  Rendering layout layouts/application.html.erb
  Rendering home/about.html.erb within layouts/application
  Rendered home/about.html.erb within layouts/application (Duration: 1.0ms | Allocations: 144)
  Rendered layout layouts/application.html.erb (Duration: 16.2ms | Allocations: 2995)
Completed 200 OK in 22ms (Views: 20.0ms | Allocations: 3841)


Started GET "/home/about" for 127.0.0.1 at 2022-05-05 16:27:57 -0300
Processing by HomeController#about as HTML
  Rendering layout layouts/application.html.erb
  Rendering home/about.html.erb within layouts/application
  Rendered home/about.html.erb within layouts/application (Duration: 0.7ms | Allocations: 145)
  Rendered home/_header.html.erb (Duration: 0.7ms | Allocations: 113)
  Rendered layout layouts/application.html.erb (Duration: 101.5ms | Allocations: 3275)
Completed 200 OK in 143ms (Views: 113.5ms | Allocations: 4111)


Started GET "/" for 127.0.0.1 at 2022-05-05 16:28:14 -0300
Processing by HomeController#index as HTML
  Rendering layout layouts/application.html.erb
  Rendering home/index.html.erb within layouts/application
  Rendered home/index.html.erb within layouts/application (Duration: 1.8ms | Allocations: 122)
  Rendered home/_header.html.erb (Duration: 0.2ms | Allocations: 16)
  Rendered layout layouts/application.html.erb (Duration: 11.8ms | Allocations: 2590)
Completed 200 OK in 14ms (Views: 13.0ms | Allocations: 2925)


Started GET "/" for 127.0.0.1 at 2022-05-05 16:30:54 -0300
Processing by HomeController#index as HTML
  Rendering layout layouts/application.html.erb
  Rendering home/index.html.erb within layouts/application
  Rendered home/index.html.erb within layouts/application (Duration: 1.1ms | Allocations: 149)
  Rendered home/_header.html.erb (Duration: 0.9ms | Allocations: 148)
  Rendered layout layouts/application.html.erb (Duration: 86.1ms | Allocations: 3290)
Completed 200 OK in 102ms (Views: 100.0ms | Allocations: 4108)


Started GET "/home/about" for 127.0.0.1 at 2022-05-05 16:31:19 -0300
Processing by HomeController#about as HTML
  Rendering layout layouts/application.html.erb
  Rendering home/about.html.erb within layouts/application
  Rendered home/about.html.erb within layouts/application (Duration: 1.0ms | Allocations: 117)
  Rendered home/_header.html.erb (Duration: 0.1ms | Allocations: 16)
  Rendered layout layouts/application.html.erb (Duration: 12.5ms | Allocations: 2569)
Completed 200 OK in 16ms (Views: 13.9ms | Allocations: 2904)


Started GET "/" for 127.0.0.1 at 2022-05-05 16:32:14 -0300
Processing by HomeController#index as HTML
  Rendering layout layouts/application.html.erb
  Rendering home/index.html.erb within layouts/application
  Rendered home/index.html.erb within layouts/application (Duration: 1.8ms | Allocations: 149)
  Rendered home/_header.html.erb (Duration: 1.7ms | Allocations: 145)
  Rendered layout layouts/application.html.erb (Duration: 18.3ms | Allocations: 3302)
Completed 200 OK in 27ms (Views: 23.9ms | Allocations: 4119)


Started GET "/" for 127.0.0.1 at 2022-05-05 16:33:00 -0300
Processing by HomeController#index as HTML
  Rendering layout layouts/application.html.erb
  Rendering home/index.html.erb within layouts/application
  Rendered home/index.html.erb within layouts/application (Duration: 2.2ms | Allocations: 149)
  Rendered home/_header.html.erb (Duration: 1.7ms | Allocations: 134)
  Rendered layout layouts/application.html.erb (Duration: 167.3ms | Allocations: 3282)
Completed 200 OK in 175ms (Views: 172.0ms | Allocations: 4117)


Started GET "/" for 127.0.0.1 at 2022-05-05 16:33:33 -0300
Processing by HomeController#index as HTML
  Rendering layout layouts/application.html.erb
  Rendering home/index.html.erb within layouts/application
  Rendered home/index.html.erb within layouts/application (Duration: 0.8ms | Allocations: 149)
  Rendered home/_header.html.erb (Duration: 1.1ms | Allocations: 131)
  Rendered layout layouts/application.html.erb (Duration: 15.5ms | Allocations: 3267)
Completed 200 OK in 22ms (Views: 19.9ms | Allocations: 4102)


Started GET "/" for 127.0.0.1 at 2022-05-05 16:33:45 -0300
Processing by HomeController#index as HTML
  Rendering layout layouts/application.html.erb
  Rendering home/index.html.erb within layouts/application
  Rendered home/index.html.erb within layouts/application (Duration: 0.2ms | Allocations: 18)
  Rendered home/_header.html.erb (Duration: 0.1ms | Allocations: 16)
  Rendered layout layouts/application.html.erb (Duration: 19.6ms | Allocations: 2465)
Completed 200 OK in 21ms (Views: 20.7ms | Allocations: 2747)


Started GET "/" for 127.0.0.1 at 2022-05-05 16:37:38 -0300
Processing by HomeController#index as HTML
  Rendering layout layouts/application.html.erb
  Rendering home/index.html.erb within layouts/application
  Rendered home/index.html.erb within layouts/application (Duration: 1.0ms | Allocations: 149)
  Rendered home/_header.html.erb (Duration: 1.6ms | Allocations: 266)
  Rendered layout layouts/application.html.erb (Duration: 53.3ms | Allocations: 3420)
Completed 200 OK in 63ms (Views: 61.8ms | Allocations: 4238)


Started GET "/home/about" for 127.0.0.1 at 2022-05-05 16:37:45 -0300
Processing by HomeController#about as HTML
  Rendering layout layouts/application.html.erb
  Rendering home/about.html.erb within layouts/application
  Rendered home/about.html.erb within layouts/application (Duration: 0.8ms | Allocations: 120)
  Rendered home/_header.html.erb (Duration: 0.3ms | Allocations: 61)
  Rendered layout layouts/application.html.erb (Duration: 8.7ms | Allocations: 2629)
Completed 200 OK in 11ms (Views: 9.7ms | Allocations: 2965)


Started GET "/" for 127.0.0.1 at 2022-05-05 16:37:51 -0300
Processing by HomeController#index as HTML
  Rendering layout layouts/application.html.erb
  Rendering home/index.html.erb within layouts/application
  Rendered home/index.html.erb within layouts/application (Duration: 0.2ms | Allocations: 18)
  Rendered home/_header.html.erb (Duration: 0.6ms | Allocations: 61)
  Rendered layout layouts/application.html.erb (Duration: 13.9ms | Allocations: 2520)
Completed 200 OK in 17ms (Views: 15.5ms | Allocations: 2788)


Started GET "/" for 127.0.0.1 at 2022-05-05 16:37:56 -0300
Processing by HomeController#index as HTML
  Rendering layout layouts/application.html.erb
  Rendering home/index.html.erb within layouts/application
  Rendered home/index.html.erb within layouts/application (Duration: 0.3ms | Allocations: 18)
  Rendered home/_header.html.erb (Duration: 0.4ms | Allocations: 61)
  Rendered layout layouts/application.html.erb (Duration: 13.9ms | Allocations: 2530)
Completed 200 OK in 17ms (Views: 15.9ms | Allocations: 2798)


Started GET "/home/about" for 127.0.0.1 at 2022-05-05 16:38:08 -0300
Processing by HomeController#about as HTML
  Rendering layout layouts/application.html.erb
  Rendering home/about.html.erb within layouts/application
  Rendered home/about.html.erb within layouts/application (Duration: 0.1ms | Allocations: 18)
  Rendered home/_header.html.erb (Duration: 0.3ms | Allocations: 61)
  Rendered layout layouts/application.html.erb (Duration: 9.1ms | Allocations: 2515)
Completed 200 OK in 11ms (Views: 10.2ms | Allocations: 2779)


Started GET "/" for 127.0.0.1 at 2022-05-05 16:38:11 -0300
Processing by HomeController#index as HTML
  Rendering layout layouts/application.html.erb
  Rendering home/index.html.erb within layouts/application
  Rendered home/index.html.erb within layouts/application (Duration: 0.1ms | Allocations: 18)
  Rendered home/_header.html.erb (Duration: 0.2ms | Allocations: 61)
  Rendered layout layouts/application.html.erb (Duration: 6.0ms | Allocations: 2510)
Completed 200 OK in 7ms (Views: 6.7ms | Allocations: 2777)


Started GET "/" for 127.0.0.1 at 2022-05-05 16:40:29 -0300
Processing by HomeController#index as HTML
  Rendering layout layouts/application.html.erb
  Rendering home/index.html.erb within layouts/application
  Rendered home/index.html.erb within layouts/application (Duration: 1.9ms | Allocations: 150)
  Rendered home/_header.html.erb (Duration: 3.6ms | Allocations: 294)
  Rendered layout layouts/application.html.erb (Duration: 22.9ms | Allocations: 3434)
Completed 200 OK in 32ms (Views: 29.2ms | Allocations: 4251)


Started GET "/" for 127.0.0.1 at 2022-05-05 16:40:41 -0300
Processing by HomeController#index as HTML
  Rendering layout layouts/application.html.erb
  Rendering home/index.html.erb within layouts/application
  Rendered home/index.html.erb within layouts/application (Duration: 2.0ms | Allocations: 149)
  Rendered home/_header.html.erb (Duration: 2.4ms | Allocations: 288)
  Rendered layout layouts/application.html.erb (Duration: 24.5ms | Allocations: 3436)
Completed 200 OK in 32ms (Views: 30.0ms | Allocations: 4271)


Started GET "/home/about" for 127.0.0.1 at 2022-05-05 16:40:44 -0300
Processing by HomeController#about as HTML
  Rendering layout layouts/application.html.erb
  Rendering home/about.html.erb within layouts/application
  Rendered home/about.html.erb within layouts/application (Duration: 1.1ms | Allocations: 117)
  Rendered home/_header.html.erb (Duration: 0.4ms | Allocations: 99)
  Rendered layout layouts/application.html.erb (Duration: 11.2ms | Allocations: 2647)
Completed 200 OK in 15ms (Views: 13.2ms | Allocations: 2985)


Started GET "/" for 127.0.0.1 at 2022-05-05 16:40:45 -0300
Processing by HomeController#index as HTML
  Rendering layout layouts/application.html.erb
  Rendering home/index.html.erb within layouts/application
  Rendered home/index.html.erb within layouts/application (Duration: 0.2ms | Allocations: 18)
  Rendered home/_header.html.erb (Duration: 0.5ms | Allocations: 99)
  Rendered layout layouts/application.html.erb (Duration: 11.1ms | Allocations: 2568)
Completed 200 OK in 14ms (Views: 12.9ms | Allocations: 2835)


Started GET "/home/about" for 127.0.0.1 at 2022-05-05 16:40:46 -0300
Processing by HomeController#about as HTML
  Rendering layout layouts/application.html.erb
  Rendering home/about.html.erb within layouts/application
  Rendered home/about.html.erb within layouts/application (Duration: 0.2ms | Allocations: 18)
  Rendered home/_header.html.erb (Duration: 0.5ms | Allocations: 99)
  Rendered layout layouts/application.html.erb (Duration: 10.6ms | Allocations: 2547)
Completed 200 OK in 12ms (Views: 11.7ms | Allocations: 2814)


Started GET "/" for 127.0.0.1 at 2022-05-05 16:40:52 -0300
Processing by HomeController#index as HTML
  Rendering layout layouts/application.html.erb
  Rendering home/index.html.erb within layouts/application
  Rendered home/index.html.erb within layouts/application (Duration: 0.2ms | Allocations: 18)
  Rendered home/_header.html.erb (Duration: 0.9ms | Allocations: 99)
  Rendered layout layouts/application.html.erb (Duration: 14.4ms | Allocations: 2548)
Completed 200 OK in 18ms (Views: 16.6ms | Allocations: 2812)


Started GET "/home/about" for 127.0.0.1 at 2022-05-05 16:40:53 -0300
Processing by HomeController#about as HTML
  Rendering layout layouts/application.html.erb
  Rendering home/about.html.erb within layouts/application
  Rendered home/about.html.erb within layouts/application (Duration: 0.2ms | Allocations: 18)
  Rendered home/_header.html.erb (Duration: 1.0ms | Allocations: 99)
  Rendered layout layouts/application.html.erb (Duration: 9.9ms | Allocations: 2553)
Completed 200 OK in 12ms (Views: 11.4ms | Allocations: 2820)


Started GET "/" for 127.0.0.1 at 2022-05-05 16:40:54 -0300
Processing by HomeController#index as HTML
  Rendering layout layouts/application.html.erb
  Rendering home/index.html.erb within layouts/application
  Rendered home/index.html.erb within layouts/application (Duration: 0.2ms | Allocations: 18)
  Rendered home/_header.html.erb (Duration: 0.4ms | Allocations: 99)
  Rendered layout layouts/application.html.erb (Duration: 11.3ms | Allocations: 2545)
Completed 200 OK in 13ms (Views: 12.5ms | Allocations: 2812)


Started GET "/home/about" for 127.0.0.1 at 2022-05-05 16:40:55 -0300
Processing by HomeController#about as HTML
  Rendering layout layouts/application.html.erb
  Rendering home/about.html.erb within layouts/application
  Rendered home/about.html.erb within layouts/application (Duration: 0.1ms | Allocations: 18)
  Rendered home/_header.html.erb (Duration: 0.7ms | Allocations: 99)
  Rendered layout layouts/application.html.erb (Duration: 11.9ms | Allocations: 2556)
Completed 200 OK in 14ms (Views: 13.0ms | Allocations: 2823)


Started GET "/" for 127.0.0.1 at 2022-05-05 16:43:14 -0300
Processing by HomeController#index as HTML
  Rendering layout layouts/application.html.erb
  Rendering home/index.html.erb within layouts/application
  Rendered home/index.html.erb within layouts/application (Duration: 2.5ms | Allocations: 341)
  Rendered home/_header.html.erb (Duration: 1.2ms | Allocations: 351)
  Rendered layout layouts/application.html.erb (Duration: 142.3ms | Allocations: 35550)
Completed 200 OK in 164ms (Views: 148.9ms | ActiveRecord: 0.0ms | Allocations: 38777)


Started GET "/home/about" for 127.0.0.1 at 2022-05-05 16:43:17 -0300
Processing by HomeController#about as HTML
  Rendering layout layouts/application.html.erb
  Rendering home/about.html.erb within layouts/application
  Rendered home/about.html.erb within layouts/application (Duration: 0.8ms | Allocations: 138)
  Rendered home/_header.html.erb (Duration: 0.3ms | Allocations: 111)
  Rendered layout layouts/application.html.erb (Duration: 9.2ms | Allocations: 2804)
Completed 200 OK in 11ms (Views: 10.0ms | ActiveRecord: 0.0ms | Allocations: 3217)


Started GET "/" for 127.0.0.1 at 2022-05-05 16:43:18 -0300
Processing by HomeController#index as HTML
  Rendering layout layouts/application.html.erb
  Rendering home/index.html.erb within layouts/application
  Rendered home/index.html.erb within layouts/application (Duration: 0.2ms | Allocations: 18)
  Rendered home/_header.html.erb (Duration: 0.6ms | Allocations: 99)
  Rendered layout layouts/application.html.erb (Duration: 11.3ms | Allocations: 2554)
Completed 200 OK in 14ms (Views: 12.8ms | ActiveRecord: 0.0ms | Allocations: 2824)


Started GET "/home/about" for 127.0.0.1 at 2022-05-05 16:43:19 -0300
Processing by HomeController#about as HTML
  Rendering layout layouts/application.html.erb
  Rendering home/about.html.erb within layouts/application
  Rendered home/about.html.erb within layouts/application (Duration: 0.2ms | Allocations: 18)
  Rendered home/_header.html.erb (Duration: 0.7ms | Allocations: 99)
  Rendered layout layouts/application.html.erb (Duration: 14.6ms | Allocations: 2548)
Completed 200 OK in 18ms (Views: 16.8ms | ActiveRecord: 0.0ms | Allocations: 2822)


Started GET "/" for 127.0.0.1 at 2022-05-05 16:43:20 -0300
Processing by HomeController#index as HTML
  Rendering layout layouts/application.html.erb
  Rendering home/index.html.erb within layouts/application
  Rendered home/index.html.erb within layouts/application (Duration: 0.2ms | Allocations: 18)
  Rendered home/_header.html.erb (Duration: 0.4ms | Allocations: 99)
  Rendered layout layouts/application.html.erb (Duration: 9.3ms | Allocations: 2546)
Completed 200 OK in 12ms (Views: 10.6ms | ActiveRecord: 0.0ms | Allocations: 2820)


Started GET "/home/about" for 127.0.0.1 at 2022-05-05 16:43:22 -0300
Processing by HomeController#about as HTML
  Rendering layout layouts/application.html.erb
  Rendering home/about.html.erb within layouts/application
  Rendered home/about.html.erb within layouts/application (Duration: 0.2ms | Allocations: 18)
  Rendered home/_header.html.erb (Duration: 0.5ms | Allocations: 99)
  Rendered layout layouts/application.html.erb (Duration: 13.0ms | Allocations: 2542)
Completed 200 OK in 15ms (Views: 14.2ms | ActiveRecord: 0.0ms | Allocations: 2816)


Started GET "/" for 127.0.0.1 at 2022-05-05 16:43:23 -0300
Processing by HomeController#index as HTML
  Rendering layout layouts/application.html.erb
  Rendering home/index.html.erb within layouts/application
  Rendered home/index.html.erb within layouts/application (Duration: 0.1ms | Allocations: 18)
  Rendered home/_header.html.erb (Duration: 0.8ms | Allocations: 99)
  Rendered layout layouts/application.html.erb (Duration: 9.4ms | Allocations: 2572)
Completed 200 OK in 12ms (Views: 10.8ms | ActiveRecord: 0.0ms | Allocations: 2842)


  [1m[35m (946.6ms)[0m  [1m[35mCREATE TABLE "schema_migrations" ("version" character varying NOT NULL PRIMARY KEY)[0m
  [1m[35m (183.9ms)[0m  [1m[35mCREATE TABLE "ar_internal_metadata" ("key" character varying NOT NULL PRIMARY KEY, "value" character varying, "created_at" timestamp(6) NOT NULL, "updated_at" timestamp(6) NOT NULL)[0m
  [1m[35m (15.4ms)[0m  [1m[34mSELECT pg_try_advisory_lock(7864839756650184315)[0m
  [1m[36mActiveRecord::SchemaMigration Pluck (3.3ms)[0m  [1m[34mSELECT "schema_migrations"."version" FROM "schema_migrations" ORDER BY "schema_migrations"."version" ASC[0m
Migrating to CreateFriends (20220505195058)
  [1m[36mTRANSACTION (0.3ms)[0m  [1m[35mBEGIN[0m
  [1m[35m (130.6ms)[0m  [1m[35mCREATE TABLE "friends" ("id" bigserial primary key, "first_name" character varying, "last_name" character varying, "email" character varying, "phone" character varying, "twitter" character varying, "created_at" timestamp(6) NOT NULL, "updated_at" timestamp(6) NOT NULL)[0m
  [1m[36mActiveRecord::SchemaMigration Create (1.4ms)[0m  [1m[32mINSERT INTO "schema_migrations" ("version") VALUES ($1) RETURNING "version"[0m  [["version", "20220505195058"]]
  [1m[36mTRANSACTION (17.4ms)[0m  [1m[35mCOMMIT[0m
  [1m[36mActiveRecord::InternalMetadata Load (1.3ms)[0m  [1m[34mSELECT "ar_internal_metadata".* FROM "ar_internal_metadata" WHERE "ar_internal_metadata"."key" = $1 LIMIT $2[0m  [["key", "environment"], ["LIMIT", 1]]
  [1m[36mTRANSACTION (0.5ms)[0m  [1m[35mBEGIN[0m
  [1m[36mActiveRecord::InternalMetadata Create (16.9ms)[0m  [1m[32mINSERT INTO "ar_internal_metadata" ("key", "value", "created_at", "updated_at") VALUES ($1, $2, $3, $4) RETURNING "key"[0m  [["key", "environment"], ["value", "development"], ["created_at", "2022-05-05 19:55:24.266783"], ["updated_at", "2022-05-05 19:55:24.266783"]]
  [1m[36mTRANSACTION (20.3ms)[0m  [1m[35mCOMMIT[0m
  [1m[35m (0.9ms)[0m  [1m[34mSELECT pg_advisory_unlock(7864839756650184315)[0m
  [1m[36mActiveRecord::SchemaMigration Pluck (1.2ms)[0m  [1m[34mSELECT "schema_migrations"."version" FROM "schema_migrations" ORDER BY "schema_migrations"."version" ASC[0m
Started GET "/" for 127.0.0.1 at 2022-05-05 16:58:04 -0300
  [1m[36mActiveRecord::SchemaMigration Pluck (1.8ms)[0m  [1m[34mSELECT "schema_migrations"."version" FROM "schema_migrations" ORDER BY "schema_migrations"."version" ASC[0m
Processing by HomeController#index as HTML
  Rendering layout layouts/application.html.erb
  Rendering home/index.html.erb within layouts/application
  Rendered home/index.html.erb within layouts/application (Duration: 1.3ms | Allocations: 341)
  Rendered home/_header.html.erb (Duration: 1.2ms | Allocations: 351)
  Rendered layout layouts/application.html.erb (Duration: 112.3ms | Allocations: 34939)
Completed 200 OK in 125ms (Views: 116.5ms | ActiveRecord: 0.0ms | Allocations: 38177)


Started GET "/" for 127.0.0.1 at 2022-05-05 16:58:49 -0300
Processing by HomeController#index as HTML
  Rendering layout layouts/application.html.erb
  Rendering home/index.html.erb within layouts/application
  Rendered home/index.html.erb within layouts/application (Duration: 0.2ms | Allocations: 20)
  Rendered home/_header.html.erb (Duration: 0.7ms | Allocations: 111)
  Rendered layout layouts/application.html.erb (Duration: 10.9ms | Allocations: 2657)
Completed 200 OK in 13ms (Views: 12.3ms | ActiveRecord: 0.0ms | Allocations: 2990)


Started GET "/friends" for 127.0.0.1 at 2022-05-05 16:59:14 -0300
Processing by FriendsController#index as HTML
  Rendering layout layouts/application.html.erb
  Rendering friends/index.html.erb within layouts/application
  [1m[36mFriend Load (1.4ms)[0m  [1m[34mSELECT "friends".* FROM "friends"[0m
  ↳ app/views/friends/index.html.erb:6
  Rendered friends/index.html.erb within layouts/application (Duration: 6.8ms | Allocations: 1427)
  Rendered home/_header.html.erb (Duration: 0.3ms | Allocations: 99)
  Rendered layout layouts/application.html.erb (Duration: 15.1ms | Allocations: 4033)
Completed 200 OK in 40ms (Views: 16.2ms | ActiveRecord: 1.4ms | Allocations: 5641)


Started GET "/friends/new" for 127.0.0.1 at 2022-05-05 16:59:22 -0300
Processing by FriendsController#new as HTML
  Rendering layout layouts/application.html.erb
  Rendering friends/new.html.erb within layouts/application
  Rendered friends/_form.html.erb (Duration: 109.5ms | Allocations: 5490)
  Rendered friends/new.html.erb within layouts/application (Duration: 113.0ms | Allocations: 5850)
  Rendered home/_header.html.erb (Duration: 0.4ms | Allocations: 89)
  Rendered layout layouts/application.html.erb (Duration: 122.6ms | Allocations: 8335)
Completed 200 OK in 268ms (Views: 124.0ms | ActiveRecord: 113.4ms | Allocations: 13708)


Started POST "/friends" for 127.0.0.1 at 2022-05-05 17:00:10 -0300
Processing by FriendsController#create as TURBO_STREAM
  Parameters: {"authenticity_token"=>"[FILTERED]", "friend"=>{"first_name"=>"Alexandre", "last_name"=>"Silva", "email"=>"alcsilva@gmail.com", "phone"=>"99 99999-9999", "twitter"=>"@alcsilva"}, "commit"=>"Create Friend"}
  [1m[36mTRANSACTION (0.6ms)[0m  [1m[35mBEGIN[0m
  ↳ app/controllers/friends_controller.rb:27:in `block in create'
  [1m[36mFriend Create (39.7ms)[0m  [1m[32mINSERT INTO "friends" ("first_name", "last_name", "email", "phone", "twitter", "created_at", "updated_at") VALUES ($1, $2, $3, $4, $5, $6, $7) RETURNING "id"[0m  [["first_name", "Alexandre"], ["last_name", "Silva"], ["email", "alcsilva@gmail.com"], ["phone", "99 99999-9999"], ["twitter", "@alcsilva"], ["created_at", "2022-05-05 20:00:10.421195"], ["updated_at", "2022-05-05 20:00:10.421195"]]
  ↳ app/controllers/friends_controller.rb:27:in `block in create'
  [1m[36mTRANSACTION (14.8ms)[0m  [1m[35mCOMMIT[0m
  ↳ app/controllers/friends_controller.rb:27:in `block in create'
Redirected to http://localhost:3000/friends/1
Completed 302 Found in 79ms (ActiveRecord: 55.1ms | Allocations: 3956)


Started GET "/friends/1" for 127.0.0.1 at 2022-05-05 17:00:10 -0300
Processing by FriendsController#show as TURBO_STREAM
  Parameters: {"id"=>"1"}
  [1m[36mFriend Load (1.9ms)[0m  [1m[34mSELECT "friends".* FROM "friends" WHERE "friends"."id" = $1 LIMIT $2[0m  [["id", 1], ["LIMIT", 1]]
  ↳ app/controllers/friends_controller.rb:63:in `set_friend'
  Rendering layout layouts/application.html.erb
  Rendering friends/show.html.erb within layouts/application
  Rendered friends/_friend.html.erb (Duration: 2.0ms | Allocations: 310)
  Rendered friends/show.html.erb within layouts/application (Duration: 26.9ms | Allocations: 1677)
  Rendered home/_header.html.erb (Duration: 0.5ms | Allocations: 89)
  Rendered layout layouts/application.html.erb (Duration: 37.6ms | Allocations: 4152)
Completed 200 OK in 55ms (Views: 39.7ms | ActiveRecord: 2.5ms | Allocations: 7010)


Started GET "/friends" for 127.0.0.1 at 2022-05-05 17:00:39 -0300
Processing by FriendsController#index as HTML
  Rendering layout layouts/application.html.erb
  Rendering friends/index.html.erb within layouts/application
  [1m[36mFriend Load (0.8ms)[0m  [1m[34mSELECT "friends".* FROM "friends"[0m
  ↳ app/views/friends/index.html.erb:6
  Rendered friends/_friend.html.erb (Duration: 0.2ms | Allocations: 32)
  Rendered friends/index.html.erb within layouts/application (Duration: 7.5ms | Allocations: 1080)
  Rendered home/_header.html.erb (Duration: 0.2ms | Allocations: 89)
  Rendered layout layouts/application.html.erb (Duration: 13.4ms | Allocations: 3439)
Completed 200 OK in 16ms (Views: 13.9ms | ActiveRecord: 0.8ms | Allocations: 3756)


Started GET "/friends/1" for 127.0.0.1 at 2022-05-05 17:01:02 -0300
Processing by FriendsController#show as HTML
  Parameters: {"id"=>"1"}
  [1m[36mFriend Load (0.5ms)[0m  [1m[34mSELECT "friends".* FROM "friends" WHERE "friends"."id" = $1 LIMIT $2[0m  [["id", 1], ["LIMIT", 1]]
  ↳ app/controllers/friends_controller.rb:63:in `set_friend'
  Rendering layout layouts/application.html.erb
  Rendering friends/show.html.erb within layouts/application
  Rendered friends/_friend.html.erb (Duration: 0.3ms | Allocations: 32)
  Rendered friends/show.html.erb within layouts/application (Duration: 3.6ms | Allocations: 600)
  Rendered home/_header.html.erb (Duration: 0.3ms | Allocations: 89)
  Rendered layout layouts/application.html.erb (Duration: 17.6ms | Allocations: 2950)
Completed 200 OK in 25ms (Views: 19.2ms | ActiveRecord: 0.5ms | Allocations: 3792)


Started GET "/friends/1/edit" for 127.0.0.1 at 2022-05-05 17:01:04 -0300
Processing by FriendsController#edit as HTML
  Parameters: {"id"=>"1"}
  [1m[36mFriend Load (1.8ms)[0m  [1m[34mSELECT "friends".* FROM "friends" WHERE "friends"."id" = $1 LIMIT $2[0m  [["id", 1], ["LIMIT", 1]]
  ↳ app/controllers/friends_controller.rb:63:in `set_friend'
  Rendering layout layouts/application.html.erb
  Rendering friends/edit.html.erb within layouts/application
  Rendered friends/_form.html.erb (Duration: 5.9ms | Allocations: 1906)
  Rendered friends/edit.html.erb within layouts/application (Duration: 7.8ms | Allocations: 2212)
  Rendered home/_header.html.erb (Duration: 0.7ms | Allocations: 89)
  Rendered layout layouts/application.html.erb (Duration: 16.6ms | Allocations: 4561)
Completed 200 OK in 24ms (Views: 17.8ms | ActiveRecord: 1.8ms | Allocations: 5409)


Started GET "/friends" for 127.0.0.1 at 2022-05-05 17:01:07 -0300
Processing by FriendsController#index as HTML
  Rendering layout layouts/application.html.erb
  Rendering friends/index.html.erb within layouts/application
  [1m[36mFriend Load (3.4ms)[0m  [1m[34mSELECT "friends".* FROM "friends"[0m
  ↳ app/views/friends/index.html.erb:6
  Rendered friends/_friend.html.erb (Duration: 0.2ms | Allocations: 32)
  Rendered friends/index.html.erb within layouts/application (Duration: 7.7ms | Allocations: 995)
  Rendered home/_header.html.erb (Duration: 0.7ms | Allocations: 89)
  Rendered layout layouts/application.html.erb (Duration: 16.3ms | Allocations: 3352)
Completed 200 OK in 18ms (Views: 13.9ms | ActiveRecord: 3.4ms | Allocations: 3638)


Started GET "/friends/new" for 127.0.0.1 at 2022-05-05 17:01:10 -0300
Processing by FriendsController#new as HTML
  Rendering layout layouts/application.html.erb
  Rendering friends/new.html.erb within layouts/application
  Rendered friends/_form.html.erb (Duration: 7.2ms | Allocations: 1686)
  Rendered friends/new.html.erb within layouts/application (Duration: 7.8ms | Allocations: 1794)
  Rendered home/_header.html.erb (Duration: 0.5ms | Allocations: 89)
  Rendered layout layouts/application.html.erb (Duration: 15.7ms | Allocations: 4151)
Completed 200 OK in 17ms (Views: 16.5ms | ActiveRecord: 0.0ms | Allocations: 4442)


Started POST "/friends" for 127.0.0.1 at 2022-05-05 17:01:36 -0300
Processing by FriendsController#create as TURBO_STREAM
  Parameters: {"authenticity_token"=>"[FILTERED]", "friend"=>{"first_name"=>"Bob", "last_name"=>"Lee", "email"=>"boblee@gmail.com", "phone"=>"88 88888-8888", "twitter"=>"@boblee"}, "commit"=>"Create Friend"}
  [1m[36mTRANSACTION (0.4ms)[0m  [1m[35mBEGIN[0m
  ↳ app/controllers/friends_controller.rb:27:in `block in create'
  [1m[36mFriend Create (1.0ms)[0m  [1m[32mINSERT INTO "friends" ("first_name", "last_name", "email", "phone", "twitter", "created_at", "updated_at") VALUES ($1, $2, $3, $4, $5, $6, $7) RETURNING "id"[0m  [["first_name", "Bob"], ["last_name", "Lee"], ["email", "boblee@gmail.com"], ["phone", "88 88888-8888"], ["twitter", "@boblee"], ["created_at", "2022-05-05 20:01:36.118695"], ["updated_at", "2022-05-05 20:01:36.118695"]]
  ↳ app/controllers/friends_controller.rb:27:in `block in create'
  [1m[36mTRANSACTION (34.9ms)[0m  [1m[35mCOMMIT[0m
  ↳ app/controllers/friends_controller.rb:27:in `block in create'
Redirected to http://localhost:3000/friends/2
Completed 302 Found in 56ms (ActiveRecord: 36.3ms | Allocations: 2459)


Started GET "/friends/2" for 127.0.0.1 at 2022-05-05 17:01:36 -0300
Processing by FriendsController#show as TURBO_STREAM
  Parameters: {"id"=>"2"}
  [1m[36mFriend Load (0.5ms)[0m  [1m[34mSELECT "friends".* FROM "friends" WHERE "friends"."id" = $1 LIMIT $2[0m  [["id", 2], ["LIMIT", 1]]
  ↳ app/controllers/friends_controller.rb:63:in `set_friend'
  Rendering layout layouts/application.html.erb
  Rendering friends/show.html.erb within layouts/application
  Rendered friends/_friend.html.erb (Duration: 0.3ms | Allocations: 32)
  Rendered friends/show.html.erb within layouts/application (Duration: 3.9ms | Allocations: 631)
  Rendered home/_header.html.erb (Duration: 0.5ms | Allocations: 89)
  Rendered layout layouts/application.html.erb (Duration: 13.7ms | Allocations: 2980)
Completed 200 OK in 20ms (Views: 15.0ms | ActiveRecord: 0.5ms | Allocations: 3779)


Started GET "/friends" for 127.0.0.1 at 2022-05-05 17:01:39 -0300
Processing by FriendsController#index as HTML
  Rendering layout layouts/application.html.erb
  Rendering friends/index.html.erb within layouts/application
  [1m[36mFriend Load (0.4ms)[0m  [1m[34mSELECT "friends".* FROM "friends"[0m
  ↳ app/views/friends/index.html.erb:6
  Rendered friends/_friend.html.erb (Duration: 2.9ms | Allocations: 32)
  Rendered friends/_friend.html.erb (Duration: 0.1ms | Allocations: 31)
  Rendered friends/index.html.erb within layouts/application (Duration: 11.7ms | Allocations: 1109)
  Rendered home/_header.html.erb (Duration: 0.3ms | Allocations: 89)
  Rendered layout layouts/application.html.erb (Duration: 29.6ms | Allocations: 3466)
Completed 200 OK in 35ms (Views: 30.0ms | ActiveRecord: 0.4ms | Allocations: 3748)


Started GET "/friends" for 127.0.0.1 at 2022-05-05 17:05:45 -0300
  [1m[36mActiveRecord::SchemaMigration Pluck (1.3ms)[0m  [1m[34mSELECT "schema_migrations"."version" FROM "schema_migrations" ORDER BY "schema_migrations"."version" ASC[0m
Processing by FriendsController#index as HTML
  Rendering layout layouts/application.html.erb
  Rendering friends/index.html.erb within layouts/application
  [1m[36mFriend Load (0.9ms)[0m  [1m[34mSELECT "friends".* FROM "friends"[0m
  ↳ app/views/friends/index.html.erb:6
  Rendered friends/_friend.html.erb (Duration: 1.2ms | Allocations: 341)
  Rendered friends/_friend.html.erb (Duration: 0.1ms | Allocations: 31)
  Rendered friends/index.html.erb within layouts/application (Duration: 40.5ms | Allocations: 7726)
  Rendered home/_header.html.erb (Duration: 1.2ms | Allocations: 333)
  Rendered layout layouts/application.html.erb (Duration: 131.8ms | Allocations: 41858)
Completed 200 OK in 147ms (Views: 126.4ms | ActiveRecord: 9.4ms | Allocations: 45858)


Started GET "/" for 127.0.0.1 at 2022-05-05 17:05:47 -0300
Processing by HomeController#index as HTML
  Rendering layout layouts/application.html.erb
  Rendering home/index.html.erb within layouts/application
  Rendered home/index.html.erb within layouts/application (Duration: 1.2ms | Allocations: 152)
  Rendered home/_header.html.erb (Duration: 0.8ms | Allocations: 180)
  Rendered layout layouts/application.html.erb (Duration: 12.9ms | Allocations: 3061)
Completed 200 OK in 19ms (Views: 17.0ms | ActiveRecord: 0.0ms | Allocations: 3889)


Started GET "/" for 127.0.0.1 at 2022-05-05 17:06:11 -0300
Processing by HomeController#index as HTML
  Rendering layout layouts/application.html.erb
  Rendering home/index.html.erb within layouts/application
  Rendered home/index.html.erb within layouts/application (Duration: 1.7ms | Allocations: 149)
  Rendered home/_header.html.erb (Duration: 2.5ms | Allocations: 361)
  Rendered layout layouts/application.html.erb (Duration: 19.1ms | Allocations: 3503)
Completed 200 OK in 26ms (Views: 23.8ms | ActiveRecord: 0.0ms | Allocations: 4364)


Started GET "/friends" for 127.0.0.1 at 2022-05-05 17:06:12 -0300
Processing by FriendsController#index as HTML
  Rendering layout layouts/application.html.erb
  Rendering friends/index.html.erb within layouts/application
  [1m[36mFriend Load (0.6ms)[0m  [1m[34mSELECT "friends".* FROM "friends"[0m
  ↳ app/views/friends/index.html.erb:6
  Rendered friends/_friend.html.erb (Duration: 2.6ms | Allocations: 256)
  Rendered friends/_friend.html.erb (Duration: 0.4ms | Allocations: 31)
  Rendered friends/index.html.erb within layouts/application (Duration: 14.5ms | Allocations: 1917)
  Rendered home/_header.html.erb (Duration: 0.9ms | Allocations: 137)
  Rendered layout layouts/application.html.erb (Duration: 27.3ms | Allocations: 4523)
Completed 200 OK in 33ms (Views: 30.7ms | ActiveRecord: 0.6ms | Allocations: 5220)


Started GET "/" for 127.0.0.1 at 2022-05-05 17:06:15 -0300
Processing by HomeController#index as HTML
  Rendering layout layouts/application.html.erb
  Rendering home/index.html.erb within layouts/application
  Rendered home/index.html.erb within layouts/application (Duration: 0.1ms | Allocations: 18)
  Rendered home/_header.html.erb (Duration: 0.7ms | Allocations: 137)
  Rendered layout layouts/application.html.erb (Duration: 11.0ms | Allocations: 2599)
Completed 200 OK in 13ms (Views: 12.6ms | ActiveRecord: 0.0ms | Allocations: 2895)


Started GET "/home/about" for 127.0.0.1 at 2022-05-05 17:06:17 -0300
Processing by HomeController#about as HTML
  Rendering layout layouts/application.html.erb
  Rendering home/about.html.erb within layouts/application
  Rendered home/about.html.erb within layouts/application (Duration: 0.9ms | Allocations: 118)
  Rendered home/_header.html.erb (Duration: 0.9ms | Allocations: 137)
  Rendered layout layouts/application.html.erb (Duration: 14.5ms | Allocations: 2695)
Completed 200 OK in 18ms (Views: 16.5ms | ActiveRecord: 0.0ms | Allocations: 3024)


Started GET "/friends" for 127.0.0.1 at 2022-05-05 17:06:18 -0300
Processing by FriendsController#index as HTML
  Rendering layout layouts/application.html.erb
  Rendering friends/index.html.erb within layouts/application
  [1m[36mFriend Load (0.6ms)[0m  [1m[34mSELECT "friends".* FROM "friends"[0m
  ↳ app/views/friends/index.html.erb:6
  Rendered friends/_friend.html.erb (Duration: 0.3ms | Allocations: 32)
  Rendered friends/_friend.html.erb (Duration: 0.2ms | Allocations: 31)
  Rendered friends/index.html.erb within layouts/application (Duration: 6.6ms | Allocations: 1131)
  Rendered home/_header.html.erb (Duration: 0.4ms | Allocations: 127)
  Rendered layout layouts/application.html.erb (Duration: 15.8ms | Allocations: 3526)
Completed 200 OK in 18ms (Views: 16.5ms | ActiveRecord: 0.6ms | Allocations: 3817)


Started GET "/" for 127.0.0.1 at 2022-05-05 17:06:19 -0300
Processing by HomeController#index as HTML
  Rendering layout layouts/application.html.erb
  Rendering home/index.html.erb within layouts/application
  Rendered home/index.html.erb within layouts/application (Duration: 0.2ms | Allocations: 18)
  Rendered home/_header.html.erb (Duration: 0.8ms | Allocations: 137)
  Rendered layout layouts/application.html.erb (Duration: 10.5ms | Allocations: 2604)
Completed 200 OK in 13ms (Views: 11.8ms | ActiveRecord: 0.0ms | Allocations: 2875)


Started GET "/" for 127.0.0.1 at 2022-05-05 17:08:01 -0300
Processing by HomeController#index as HTML
  Rendering layout layouts/application.html.erb
  Rendering home/index.html.erb within layouts/application
  Rendered home/index.html.erb within layouts/application (Duration: 1.7ms | Allocations: 150)
  Rendered home/_header.html.erb (Duration: 3.9ms | Allocations: 428)
  Rendered layout layouts/application.html.erb (Duration: 20.9ms | Allocations: 3585)
Completed 200 OK in 28ms (Views: 25.9ms | ActiveRecord: 0.0ms | Allocations: 4412)


Started GET "/friends/new" for 127.0.0.1 at 2022-05-05 17:08:05 -0300
Processing by FriendsController#new as HTML
  Rendering layout layouts/application.html.erb
  Rendering friends/new.html.erb within layouts/application
  Rendered friends/_form.html.erb (Duration: 53.1ms | Allocations: 15426)
  Rendered friends/new.html.erb within layouts/application (Duration: 57.2ms | Allocations: 15812)
  Rendered home/_header.html.erb (Duration: 0.4ms | Allocations: 176)
  Rendered layout layouts/application.html.erb (Duration: 64.6ms | Allocations: 18463)
Completed 200 OK in 72ms (Views: 69.3ms | ActiveRecord: 0.0ms | Allocations: 19173)


Started GET "/friends/new" for 127.0.0.1 at 2022-05-05 17:08:15 -0300
Processing by FriendsController#new as HTML
  Rendering layout layouts/application.html.erb
  Rendering friends/new.html.erb within layouts/application
  Rendered friends/_form.html.erb (Duration: 10.8ms | Allocations: 2355)
  Rendered friends/new.html.erb within layouts/application (Duration: 13.8ms | Allocations: 2708)
  Rendered home/_header.html.erb (Duration: 2.6ms | Allocations: 389)
  Rendered layout layouts/application.html.erb (Duration: 28.1ms | Allocations: 5832)
Completed 200 OK in 35ms (Views: 32.1ms | ActiveRecord: 0.0ms | Allocations: 6737)


Started GET "/friends/new" for 127.0.0.1 at 2022-05-05 17:08:16 -0300
Processing by FriendsController#new as HTML
  Rendering layout layouts/application.html.erb
  Rendering friends/new.html.erb within layouts/application
  Rendered friends/_form.html.erb (Duration: 16.9ms | Allocations: 1683)
  Rendered friends/new.html.erb within layouts/application (Duration: 17.8ms | Allocations: 1791)
  Rendered home/_header.html.erb (Duration: 3.5ms | Allocations: 165)
  Rendered layout layouts/application.html.erb (Duration: 49.9ms | Allocations: 4224)
Completed 200 OK in 52ms (Views: 51.1ms | ActiveRecord: 0.0ms | Allocations: 4538)


Started GET "/friends" for 127.0.0.1 at 2022-05-05 17:08:17 -0300
Processing by FriendsController#index as HTML
  Rendering layout layouts/application.html.erb
  Rendering friends/index.html.erb within layouts/application
  [1m[36mFriend Load (0.7ms)[0m  [1m[34mSELECT "friends".* FROM "friends"[0m
  ↳ app/views/friends/index.html.erb:6
  Rendered friends/_friend.html.erb (Duration: 1.7ms | Allocations: 252)
  Rendered friends/_friend.html.erb (Duration: 0.2ms | Allocations: 31)
  Rendered friends/index.html.erb within layouts/application (Duration: 58.9ms | Allocations: 1738)
  Rendered home/_header.html.erb (Duration: 0.6ms | Allocations: 165)
  Rendered layout layouts/application.html.erb (Duration: 68.9ms | Allocations: 4185)
Completed 200 OK in 79ms (Views: 70.2ms | ActiveRecord: 0.7ms | Allocations: 4547)


Started GET "/" for 127.0.0.1 at 2022-05-05 17:08:19 -0300
Processing by HomeController#index as HTML
  Rendering layout layouts/application.html.erb
  Rendering home/index.html.erb within layouts/application
  Rendered home/index.html.erb within layouts/application (Duration: 1.4ms | Allocations: 148)
  Rendered home/_header.html.erb (Duration: 1.0ms | Allocations: 215)
  Rendered layout layouts/application.html.erb (Duration: 16.8ms | Allocations: 3083)
Completed 200 OK in 22ms (Views: 20.6ms | ActiveRecord: 0.0ms | Allocations: 3716)


Started GET "/friends" for 127.0.0.1 at 2022-05-05 17:08:56 -0300
Processing by FriendsController#index as HTML
  Rendering layout layouts/application.html.erb
  Rendering friends/index.html.erb within layouts/application
  [1m[36mFriend Load (0.5ms)[0m  [1m[34mSELECT "friends".* FROM "friends"[0m
  ↳ app/views/friends/index.html.erb:6
  Rendered friends/_friend.html.erb (Duration: 1.8ms | Allocations: 256)
  Rendered friends/_friend.html.erb (Duration: 0.3ms | Allocations: 31)
  Rendered friends/index.html.erb within layouts/application (Duration: 11.4ms | Allocations: 1891)
  Rendered home/_header.html.erb (Duration: 1.3ms | Allocations: 388)
  Rendered layout layouts/application.html.erb (Duration: 20.6ms | Allocations: 5028)
Completed 200 OK in 27ms (Views: 24.3ms | ActiveRecord: 0.5ms | Allocations: 5924)


Started GET "/" for 127.0.0.1 at 2022-05-05 17:08:58 -0300
Processing by HomeController#index as HTML
  Rendering layout layouts/application.html.erb
  Rendering home/index.html.erb within layouts/application
  Rendered home/index.html.erb within layouts/application (Duration: 0.9ms | Allocations: 148)
  Rendered home/_header.html.erb (Duration: 1.0ms | Allocations: 215)
  Rendered layout layouts/application.html.erb (Duration: 10.4ms | Allocations: 3087)
Completed 200 OK in 15ms (Views: 13.5ms | ActiveRecord: 0.0ms | Allocations: 3738)


Started GET "/" for 127.0.0.1 at 2022-05-05 17:09:30 -0300
Processing by HomeController#index as HTML
  Rendering layout layouts/application.html.erb
  Rendering home/index.html.erb within layouts/application
  Rendered home/index.html.erb within layouts/application (Duration: 2.0ms | Allocations: 149)
  Rendered home/_header.html.erb (Duration: 3.4ms | Allocations: 427)
  Rendered layout layouts/application.html.erb (Duration: 22.9ms | Allocations: 3575)
Completed 200 OK in 30ms (Views: 27.7ms | ActiveRecord: 0.0ms | Allocations: 4437)


Started GET "/friends" for 127.0.0.1 at 2022-05-05 17:09:32 -0300
Processing by FriendsController#index as HTML
  Rendering layout layouts/application.html.erb
  Rendering friends/index.html.erb within layouts/application
  [1m[36mFriend Load (1.0ms)[0m  [1m[34mSELECT "friends".* FROM "friends"[0m
  ↳ app/views/friends/index.html.erb:6
  Rendered friends/_friend.html.erb (Duration: 1.3ms | Allocations: 257)
  Rendered friends/_friend.html.erb (Duration: 0.2ms | Allocations: 31)
  Rendered friends/index.html.erb within layouts/application (Duration: 11.1ms | Allocations: 1912)
  Rendered home/_header.html.erb (Duration: 0.5ms | Allocations: 176)
  Rendered layout layouts/application.html.erb (Duration: 18.4ms | Allocations: 4563)
Completed 200 OK in 23ms (Views: 20.7ms | ActiveRecord: 1.0ms | Allocations: 5249)


Started GET "/" for 127.0.0.1 at 2022-05-05 17:09:46 -0300
Processing by HomeController#index as HTML
  Rendering layout layouts/application.html.erb
  Rendering home/index.html.erb within layouts/application
  Rendered home/index.html.erb within layouts/application (Duration: 0.8ms | Allocations: 149)
  Rendered home/_header.html.erb (Duration: 1.9ms | Allocations: 427)
  Rendered layout layouts/application.html.erb (Duration: 11.5ms | Allocations: 3570)
Completed 200 OK in 17ms (Views: 15.1ms | ActiveRecord: 0.0ms | Allocations: 4424)


Started GET "/" for 127.0.0.1 at 2022-05-05 17:10:11 -0300
Processing by HomeController#index as HTML
  Rendering layout layouts/application.html.erb
  Rendering home/index.html.erb within layouts/application
  Rendered home/index.html.erb within layouts/application (Duration: 2.2ms | Allocations: 149)
  Rendered home/_header.html.erb (Duration: 3.4ms | Allocations: 427)
  Rendered layout layouts/application.html.erb (Duration: 20.3ms | Allocations: 3590)
Completed 200 OK in 26ms (Views: 24.2ms | ActiveRecord: 0.0ms | Allocations: 4436)


Started GET "/friends/new" for 127.0.0.1 at 2022-05-05 17:10:14 -0300
Processing by FriendsController#new as HTML
  Rendering layout layouts/application.html.erb
  Rendering friends/new.html.erb within layouts/application
  Rendered friends/_form.html.erb (Duration: 9.2ms | Allocations: 2343)
  Rendered friends/new.html.erb within layouts/application (Duration: 11.2ms | Allocations: 2713)
  Rendered home/_header.html.erb (Duration: 0.5ms | Allocations: 176)
  Rendered layout layouts/application.html.erb (Duration: 19.3ms | Allocations: 5343)
Completed 200 OK in 23ms (Views: 21.6ms | ActiveRecord: 0.0ms | Allocations: 6018)


Started GET "/" for 127.0.0.1 at 2022-05-05 17:12:24 -0300
Processing by HomeController#index as HTML
  Rendering layout layouts/application.html.erb
  Rendering home/index.html.erb within layouts/application
  Rendered home/index.html.erb within layouts/application (Duration: 0.2ms | Allocations: 18)
  Rendered home/_header.html.erb (Duration: 0.9ms | Allocations: 175)
  Rendered layout layouts/application.html.erb (Duration: 12.9ms | Allocations: 2620)
Completed 200 OK in 18ms (Views: 16.6ms | ActiveRecord: 0.0ms | Allocations: 2911)


Started GET "/friends" for 127.0.0.1 at 2022-05-05 17:12:27 -0300
Processing by FriendsController#index as HTML
  Rendering layout layouts/application.html.erb
  Rendering friends/index.html.erb within layouts/application
  [1m[36mFriend Load (0.6ms)[0m  [1m[34mSELECT "friends".* FROM "friends"[0m
  ↳ app/views/friends/index.html.erb:6
  Rendered friends/_friend.html.erb (Duration: 1.7ms | Allocations: 252)
  Rendered friends/_friend.html.erb (Duration: 0.3ms | Allocations: 31)
  Rendered friends/index.html.erb within layouts/application (Duration: 13.0ms | Allocations: 1718)
  Rendered home/_header.html.erb (Duration: 0.7ms | Allocations: 165)
  Rendered layout layouts/application.html.erb (Duration: 24.6ms | Allocations: 4152)
Completed 200 OK in 28ms (Views: 25.5ms | ActiveRecord: 0.6ms | Allocations: 4516)


Started GET "/friends/new" for 127.0.0.1 at 2022-05-05 17:12:31 -0300
Processing by FriendsController#new as HTML
  Rendering layout layouts/application.html.erb
  Rendering friends/new.html.erb within layouts/application
  Rendered friends/_form.html.erb (Duration: 9.6ms | Allocations: 1686)
  Rendered friends/new.html.erb within layouts/application (Duration: 10.8ms | Allocations: 1794)
  Rendered home/_header.html.erb (Duration: 0.9ms | Allocations: 165)
  Rendered layout layouts/application.html.erb (Duration: 21.0ms | Allocations: 4227)
Completed 200 OK in 24ms (Views: 22.6ms | ActiveRecord: 0.0ms | Allocations: 4520)


Started GET "/home/about" for 127.0.0.1 at 2022-05-05 17:12:33 -0300
Processing by HomeController#about as HTML
  Rendering layout layouts/application.html.erb
  Rendering home/about.html.erb within layouts/application
  Rendered home/about.html.erb within layouts/application (Duration: 1.2ms | Allocations: 117)
  Rendered home/_header.html.erb (Duration: 0.8ms | Allocations: 175)
  Rendered layout layouts/application.html.erb (Duration: 16.4ms | Allocations: 2740)
Completed 200 OK in 20ms (Views: 18.0ms | ActiveRecord: 0.0ms | Allocations: 3063)


Started GET "/friends/new" for 127.0.0.1 at 2022-05-05 17:12:33 -0300
Processing by FriendsController#new as HTML
  Rendering layout layouts/application.html.erb
  Rendering friends/new.html.erb within layouts/application
  Rendered friends/_form.html.erb (Duration: 8.7ms | Allocations: 1686)
  Rendered friends/new.html.erb within layouts/application (Duration: 9.6ms | Allocations: 1794)
  Rendered home/_header.html.erb (Duration: 1.2ms | Allocations: 165)
  Rendered layout layouts/application.html.erb (Duration: 21.0ms | Allocations: 4242)
Completed 200 OK in 35ms (Views: 34.0ms | ActiveRecord: 0.0ms | Allocations: 4530)


Started POST "/friends" for 127.0.0.1 at 2022-05-05 17:12:38 -0300
Processing by FriendsController#create as TURBO_STREAM
  Parameters: {"authenticity_token"=>"[FILTERED]", "friend"=>{"first_name"=>"Eita", "last_name"=>"", "email"=>"", "phone"=>"", "twitter"=>""}, "commit"=>"Create Friend"}
  [1m[36mTRANSACTION (0.4ms)[0m  [1m[35mBEGIN[0m
  ↳ app/controllers/friends_controller.rb:27:in `block in create'
  [1m[36mFriend Create (1.3ms)[0m  [1m[32mINSERT INTO "friends" ("first_name", "last_name", "email", "phone", "twitter", "created_at", "updated_at") VALUES ($1, $2, $3, $4, $5, $6, $7) RETURNING "id"[0m  [["first_name", "Eita"], ["last_name", ""], ["email", ""], ["phone", ""], ["twitter", ""], ["created_at", "2022-05-05 20:12:38.030669"], ["updated_at", "2022-05-05 20:12:38.030669"]]
  ↳ app/controllers/friends_controller.rb:27:in `block in create'
  [1m[36mTRANSACTION (38.8ms)[0m  [1m[35mCOMMIT[0m
  ↳ app/controllers/friends_controller.rb:27:in `block in create'
Redirected to http://localhost:3000/friends/3
Completed 302 Found in 62ms (ActiveRecord: 40.5ms | Allocations: 3927)


Started GET "/friends/3" for 127.0.0.1 at 2022-05-05 17:12:38 -0300
Processing by FriendsController#show as TURBO_STREAM
  Parameters: {"id"=>"3"}
  [1m[36mFriend Load (0.6ms)[0m  [1m[34mSELECT "friends".* FROM "friends" WHERE "friends"."id" = $1 LIMIT $2[0m  [["id", 3], ["LIMIT", 1]]
  ↳ app/controllers/friends_controller.rb:63:in `set_friend'
  Rendering layout layouts/application.html.erb
  Rendering friends/show.html.erb within layouts/application
  Rendered friends/_friend.html.erb (Duration: 0.5ms | Allocations: 37)
  Rendered friends/show.html.erb within layouts/application (Duration: 5.7ms | Allocations: 1039)
  Rendered home/_header.html.erb (Duration: 0.8ms | Allocations: 165)
  Rendered layout layouts/application.html.erb (Duration: 16.4ms | Allocations: 3578)
Completed 200 OK in 30ms (Views: 18.4ms | ActiveRecord: 1.0ms | Allocations: 6389)


Started DELETE "/friends/3" for 127.0.0.1 at 2022-05-05 17:12:41 -0300
Processing by FriendsController#destroy as TURBO_STREAM
  Parameters: {"authenticity_token"=>"[FILTERED]", "id"=>"3"}
  [1m[36mFriend Load (0.8ms)[0m  [1m[34mSELECT "friends".* FROM "friends" WHERE "friends"."id" = $1 LIMIT $2[0m  [["id", 3], ["LIMIT", 1]]
  ↳ app/controllers/friends_controller.rb:63:in `set_friend'
  [1m[36mTRANSACTION (0.4ms)[0m  [1m[35mBEGIN[0m
  ↳ app/controllers/friends_controller.rb:52:in `destroy'
  [1m[36mFriend Destroy (0.8ms)[0m  [1m[31mDELETE FROM "friends" WHERE "friends"."id" = $1[0m  [["id", 3]]
  ↳ app/controllers/friends_controller.rb:52:in `destroy'
  [1m[36mTRANSACTION (22.2ms)[0m  [1m[35mCOMMIT[0m
  ↳ app/controllers/friends_controller.rb:52:in `destroy'
Redirected to http://localhost:3000/friends
Completed 302 Found in 40ms (ActiveRecord: 24.1ms | Allocations: 2569)


Started GET "/friends" for 127.0.0.1 at 2022-05-05 17:12:41 -0300
Processing by FriendsController#index as TURBO_STREAM
  Rendering layout layouts/application.html.erb
  Rendering friends/index.html.erb within layouts/application
  [1m[36mFriend Load (0.9ms)[0m  [1m[34mSELECT "friends".* FROM "friends"[0m
  ↳ app/views/friends/index.html.erb:6
  Rendered friends/_friend.html.erb (Duration: 0.3ms | Allocations: 32)
  Rendered friends/_friend.html.erb (Duration: 0.3ms | Allocations: 31)
  Rendered friends/index.html.erb within layouts/application (Duration: 9.3ms | Allocations: 1140)
  Rendered home/_header.html.erb (Duration: 0.9ms | Allocations: 165)
  Rendered layout layouts/application.html.erb (Duration: 21.3ms | Allocations: 3573)
Completed 200 OK in 24ms (Views: 21.9ms | ActiveRecord: 0.9ms | Allocations: 3859)


Started GET "/friends/2" for 127.0.0.1 at 2022-05-05 17:12:46 -0300
Processing by FriendsController#show as HTML
  Parameters: {"id"=>"2"}
  [1m[36mFriend Load (0.5ms)[0m  [1m[34mSELECT "friends".* FROM "friends" WHERE "friends"."id" = $1 LIMIT $2[0m  [["id", 2], ["LIMIT", 1]]
  ↳ app/controllers/friends_controller.rb:63:in `set_friend'
  Rendering layout layouts/application.html.erb
  Rendering friends/show.html.erb within layouts/application
  Rendered friends/_friend.html.erb (Duration: 0.2ms | Allocations: 32)
  Rendered friends/show.html.erb within layouts/application (Duration: 2.3ms | Allocations: 606)
  Rendered home/_header.html.erb (Duration: 0.5ms | Allocations: 165)
  Rendered layout layouts/application.html.erb (Duration: 11.1ms | Allocations: 3031)
Completed 200 OK in 17ms (Views: 12.2ms | ActiveRecord: 0.5ms | Allocations: 3825)


Started DELETE "/friends/2" for 127.0.0.1 at 2022-05-05 17:12:48 -0300
Processing by FriendsController#destroy as TURBO_STREAM
  Parameters: {"authenticity_token"=>"[FILTERED]", "id"=>"2"}
  [1m[36mFriend Load (0.8ms)[0m  [1m[34mSELECT "friends".* FROM "friends" WHERE "friends"."id" = $1 LIMIT $2[0m  [["id", 2], ["LIMIT", 1]]
  ↳ app/controllers/friends_controller.rb:63:in `set_friend'
  [1m[36mTRANSACTION (0.4ms)[0m  [1m[35mBEGIN[0m
  ↳ app/controllers/friends_controller.rb:52:in `destroy'
  [1m[36mFriend Destroy (0.7ms)[0m  [1m[31mDELETE FROM "friends" WHERE "friends"."id" = $1[0m  [["id", 2]]
  ↳ app/controllers/friends_controller.rb:52:in `destroy'
  [1m[36mTRANSACTION (18.6ms)[0m  [1m[35mCOMMIT[0m
  ↳ app/controllers/friends_controller.rb:52:in `destroy'
Redirected to http://localhost:3000/friends
Completed 302 Found in 38ms (ActiveRecord: 20.6ms | Allocations: 2421)


Started GET "/friends" for 127.0.0.1 at 2022-05-05 17:12:48 -0300
Processing by FriendsController#index as TURBO_STREAM
  Rendering layout layouts/application.html.erb
  Rendering friends/index.html.erb within layouts/application
  [1m[36mFriend Load (0.9ms)[0m  [1m[34mSELECT "friends".* FROM "friends"[0m
  ↳ app/views/friends/index.html.erb:6
  Rendered friends/_friend.html.erb (Duration: 0.4ms | Allocations: 32)
  Rendered friends/index.html.erb within layouts/application (Duration: 8.0ms | Allocations: 994)
  Rendered home/_header.html.erb (Duration: 1.4ms | Allocations: 165)
  Rendered layout layouts/application.html.erb (Duration: 19.9ms | Allocations: 3434)
Completed 200 OK in 23ms (Views: 20.5ms | ActiveRecord: 0.9ms | Allocations: 3720)


Started GET "/" for 127.0.0.1 at 2022-05-06 16:35:25 -0300
  [1m[36mActiveRecord::SchemaMigration Pluck (118.0ms)[0m  [1m[34mSELECT "schema_migrations"."version" FROM "schema_migrations" ORDER BY "schema_migrations"."version" ASC[0m
Processing by HomeController#index as HTML
  Rendering layout layouts/application.html.erb
  Rendering home/index.html.erb within layouts/application
  Rendered home/index.html.erb within layouts/application (Duration: 19.4ms | Allocations: 341)
  Rendered home/_header.html.erb (Duration: 16.2ms | Allocations: 495)
  Rendered layout layouts/application.html.erb (Duration: 424.4ms | Allocations: 35495)
Completed 200 OK in 456ms (Views: 434.9ms | ActiveRecord: 0.0ms | Allocations: 38733)


Started GET "/friends" for 127.0.0.1 at 2022-05-06 16:35:31 -0300
Processing by FriendsController#index as HTML
  Rendering layout layouts/application.html.erb
  Rendering friends/index.html.erb within layouts/application
  [1m[36mFriend Load (71.8ms)[0m  [1m[34mSELECT "friends".* FROM "friends"[0m
  ↳ app/views/friends/index.html.erb:6
  Rendered friends/_friend.html.erb (Duration: 13.5ms | Allocations: 330)
  Rendered friends/index.html.erb within layouts/application (Duration: 229.6ms | Allocations: 7185)
  Rendered home/_header.html.erb (Duration: 0.9ms | Allocations: 176)
  Rendered layout layouts/application.html.erb (Duration: 242.2ms | Allocations: 9848)
Completed 200 OK in 266ms (Views: 101.0ms | ActiveRecord: 144.2ms | Allocations: 11439)


Started GET "/friends/new" for 127.0.0.1 at 2022-05-06 16:35:33 -0300
Processing by FriendsController#new as HTML
  Rendering layout layouts/application.html.erb
  Rendering friends/new.html.erb within layouts/application
  Rendered friends/_form.html.erb (Duration: 102.0ms | Allocations: 3893)
  Rendered friends/new.html.erb within layouts/application (Duration: 116.8ms | Allocations: 4229)
  Rendered home/_header.html.erb (Duration: 1.2ms | Allocations: 165)
  Rendered layout layouts/application.html.erb (Duration: 162.6ms | Allocations: 6796)
Completed 200 OK in 165ms (Views: 163.8ms | ActiveRecord: 0.0ms | Allocations: 7247)


Started GET "/home/about" for 127.0.0.1 at 2022-05-06 16:35:34 -0300
Processing by HomeController#about as HTML
  Rendering layout layouts/application.html.erb
  Rendering home/about.html.erb within layouts/application
  Rendered home/about.html.erb within layouts/application (Duration: 19.4ms | Allocations: 144)
  Rendered home/_header.html.erb (Duration: 0.8ms | Allocations: 175)
  Rendered layout layouts/application.html.erb (Duration: 31.4ms | Allocations: 2750)
Completed 200 OK in 33ms (Views: 32.5ms | ActiveRecord: 0.0ms | Allocations: 3130)


Started GET "/friends/new" for 127.0.0.1 at 2022-05-06 16:35:35 -0300
Processing by FriendsController#new as HTML
  Rendering layout layouts/application.html.erb
  Rendering friends/new.html.erb within layouts/application
  Rendered friends/_form.html.erb (Duration: 7.4ms | Allocations: 1723)
  Rendered friends/new.html.erb within layouts/application (Duration: 8.2ms | Allocations: 1831)
  Rendered home/_header.html.erb (Duration: 1.5ms | Allocations: 165)
  Rendered layout layouts/application.html.erb (Duration: 17.1ms | Allocations: 4265)
Completed 200 OK in 20ms (Views: 18.3ms | ActiveRecord: 0.0ms | Allocations: 4570)


Started GET "/friends" for 127.0.0.1 at 2022-05-06 16:35:35 -0300
Processing by FriendsController#index as HTML
  Rendering layout layouts/application.html.erb
  Rendering friends/index.html.erb within layouts/application
  [1m[36mFriend Load (0.5ms)[0m  [1m[34mSELECT "friends".* FROM "friends"[0m
  ↳ app/views/friends/index.html.erb:6
  Rendered friends/_friend.html.erb (Duration: 0.3ms | Allocations: 37)
  Rendered friends/index.html.erb within layouts/application (Duration: 9.6ms | Allocations: 1078)
  Rendered home/_header.html.erb (Duration: 0.6ms | Allocations: 165)
  Rendered layout layouts/application.html.erb (Duration: 21.8ms | Allocations: 3512)
Completed 200 OK in 24ms (Views: 22.5ms | ActiveRecord: 0.5ms | Allocations: 3804)


Started GET "/friends/new" for 127.0.0.1 at 2022-05-06 16:35:38 -0300
Processing by FriendsController#new as HTML
  Rendering layout layouts/application.html.erb
  Rendering friends/new.html.erb within layouts/application
  Rendered friends/_form.html.erb (Duration: 9.0ms | Allocations: 1695)
  Rendered friends/new.html.erb within layouts/application (Duration: 9.9ms | Allocations: 1803)
  Rendered home/_header.html.erb (Duration: 0.5ms | Allocations: 165)
  Rendered layout layouts/application.html.erb (Duration: 18.7ms | Allocations: 4236)
Completed 200 OK in 21ms (Views: 19.9ms | ActiveRecord: 0.0ms | Allocations: 4523)


Started GET "/" for 127.0.0.1 at 2022-05-06 16:35:39 -0300
Processing by HomeController#index as HTML
  Rendering layout layouts/application.html.erb
  Rendering home/index.html.erb within layouts/application
  Rendered home/index.html.erb within layouts/application (Duration: 0.2ms | Allocations: 18)
  Rendered home/_header.html.erb (Duration: 0.8ms | Allocations: 175)
  Rendered layout layouts/application.html.erb (Duration: 12.3ms | Allocations: 2639)
Completed 200 OK in 16ms (Views: 14.6ms | ActiveRecord: 0.0ms | Allocations: 2909)


Started GET "/" for 127.0.0.1 at 2022-05-06 16:47:06 -0300
  [1m[36mActiveRecord::SchemaMigration Pluck (1.3ms)[0m  [1m[34mSELECT "schema_migrations"."version" FROM "schema_migrations" ORDER BY "schema_migrations"."version" ASC[0m
Processing by HomeController#index as HTML
  Rendering layout layouts/application.html.erb
  Rendering home/index.html.erb within layouts/application
  Rendered home/index.html.erb within layouts/application (Duration: 2.0ms | Allocations: 341)
  Rendered home/_header.html.erb (Duration: 1.5ms | Allocations: 495)
  Rendered layout layouts/application.html.erb (Duration: 108.7ms | Allocations: 35073)
Completed 200 OK in 129ms (Views: 114.5ms | ActiveRecord: 0.0ms | Allocations: 38311)


Started GET "/" for 127.0.0.1 at 2022-05-06 16:53:00 -0300
  [1m[36mActiveRecord::SchemaMigration Pluck (0.9ms)[0m  [1m[34mSELECT "schema_migrations"."version" FROM "schema_migrations" ORDER BY "schema_migrations"."version" ASC[0m
Processing by HomeController#index as HTML
  Rendering layout layouts/application.html.erb
  Rendering home/index.html.erb within layouts/application
  Rendered home/index.html.erb within layouts/application (Duration: 1.6ms | Allocations: 341)
  Rendered home/_header.html.erb (Duration: 1.5ms | Allocations: 495)
  Rendered layout layouts/application.html.erb (Duration: 104.7ms | Allocations: 35916)
Completed 200 OK in 119ms (Views: 109.1ms | ActiveRecord: 0.0ms | Allocations: 39154)


Started GET "/friends" for 127.0.0.1 at 2022-05-06 16:53:03 -0300
Processing by FriendsController#index as HTML
  Rendering layout layouts/application.html.erb
  Rendering friends/index.html.erb within layouts/application
  [1m[36mFriend Load (1.0ms)[0m  [1m[34mSELECT "friends".* FROM "friends"[0m
  ↳ app/views/friends/index.html.erb:6
  Rendered friends/_friend.html.erb (Duration: 1.3ms | Allocations: 330)
  Rendered friends/index.html.erb within layouts/application (Duration: 78.7ms | Allocations: 7152)
  Rendered home/_header.html.erb (Duration: 0.5ms | Allocations: 176)
  Rendered layout layouts/application.html.erb (Duration: 85.6ms | Allocations: 9815)
Completed 200 OK in 158ms (Views: 34.3ms | ActiveRecord: 54.7ms | Allocations: 11446)


Started GET "/friends/new" for 127.0.0.1 at 2022-05-06 16:53:04 -0300
Processing by FriendsController#new as HTML
  Rendering layout layouts/application.html.erb
  Rendering friends/new.html.erb within layouts/application
  Rendered friends/_form.html.erb (Duration: 84.9ms | Allocations: 3985)
  Rendered friends/new.html.erb within layouts/application (Duration: 87.5ms | Allocations: 4314)
  Rendered home/_header.html.erb (Duration: 0.9ms | Allocations: 165)
  Rendered layout layouts/application.html.erb (Duration: 95.3ms | Allocations: 6886)
Completed 200 OK in 99ms (Views: 97.0ms | ActiveRecord: 0.0ms | Allocations: 7326)


Started GET "/friends" for 127.0.0.1 at 2022-05-06 16:53:05 -0300
Processing by FriendsController#index as HTML
  Rendering layout layouts/application.html.erb
  Rendering friends/index.html.erb within layouts/application
  [1m[36mFriend Load (0.7ms)[0m  [1m[34mSELECT "friends".* FROM "friends"[0m
  ↳ app/views/friends/index.html.erb:6
  Rendered friends/_friend.html.erb (Duration: 0.2ms | Allocations: 37)
  Rendered friends/index.html.erb within layouts/application (Duration: 8.0ms | Allocations: 1090)
  Rendered home/_header.html.erb (Duration: 0.9ms | Allocations: 165)
  Rendered layout layouts/application.html.erb (Duration: 19.1ms | Allocations: 3525)
Completed 200 OK in 22ms (Views: 20.6ms | ActiveRecord: 0.7ms | Allocations: 3854)


Started GET "/friends/new" for 127.0.0.1 at 2022-05-06 16:53:12 -0300
Processing by FriendsController#new as HTML
  Rendering layout layouts/application.html.erb
  Rendering friends/new.html.erb within layouts/application
  Rendered friends/_form.html.erb (Duration: 18.4ms | Allocations: 1699)
  Rendered friends/new.html.erb within layouts/application (Duration: 19.3ms | Allocations: 1807)
  Rendered home/_header.html.erb (Duration: 0.8ms | Allocations: 165)
  Rendered layout layouts/application.html.erb (Duration: 36.3ms | Allocations: 4241)
Completed 200 OK in 44ms (Views: 38.1ms | ActiveRecord: 0.0ms | Allocations: 4542)


Started POST "/friends" for 127.0.0.1 at 2022-05-06 16:53:23 -0300
Processing by FriendsController#create as TURBO_STREAM
  Parameters: {"authenticity_token"=>"[FILTERED]", "friend"=>{"first_name"=>"a", "last_name"=>"b", "email"=>"c@", "phone"=>"1212", "twitter"=>"asasd"}, "commit"=>"Create Friend"}
  [1m[36mTRANSACTION (9.2ms)[0m  [1m[35mBEGIN[0m
  ↳ app/controllers/friends_controller.rb:27:in `block in create'
  [1m[36mFriend Create (58.4ms)[0m  [1m[32mINSERT INTO "friends" ("first_name", "last_name", "email", "phone", "twitter", "created_at", "updated_at") VALUES ($1, $2, $3, $4, $5, $6, $7) RETURNING "id"[0m  [["first_name", "a"], ["last_name", "b"], ["email", "c@"], ["phone", "1212"], ["twitter", "asasd"], ["created_at", "2022-05-06 19:53:23.521607"], ["updated_at", "2022-05-06 19:53:23.521607"]]
  ↳ app/controllers/friends_controller.rb:27:in `block in create'
  [1m[36mTRANSACTION (12.7ms)[0m  [1m[35mCOMMIT[0m
  ↳ app/controllers/friends_controller.rb:27:in `block in create'
Redirected to http://localhost:3000/friends/4
Completed 302 Found in 106ms (ActiveRecord: 80.3ms | Allocations: 3965)


Started GET "/friends/4" for 127.0.0.1 at 2022-05-06 16:53:23 -0300
Processing by FriendsController#show as TURBO_STREAM
  Parameters: {"id"=>"4"}
  [1m[36mFriend Load (0.7ms)[0m  [1m[34mSELECT "friends".* FROM "friends" WHERE "friends"."id" = $1 LIMIT $2[0m  [["id", 4], ["LIMIT", 1]]
  ↳ app/controllers/friends_controller.rb:63:in `set_friend'
  Rendering layout layouts/application.html.erb
  Rendering friends/show.html.erb within layouts/application
  Rendered friends/_friend.html.erb (Duration: 0.3ms | Allocations: 37)
  Rendered friends/show.html.erb within layouts/application (Duration: 14.9ms | Allocations: 1035)
  Rendered home/_header.html.erb (Duration: 1.3ms | Allocations: 165)
  Rendered layout layouts/application.html.erb (Duration: 27.2ms | Allocations: 3568)
Completed 200 OK in 48ms (Views: 28.5ms | ActiveRecord: 1.3ms | Allocations: 6382)


Started GET "/friends" for 127.0.0.1 at 2022-05-06 16:53:28 -0300
Processing by FriendsController#index as HTML
  Rendering layout layouts/application.html.erb
  Rendering friends/index.html.erb within layouts/application
  [1m[36mFriend Load (1.2ms)[0m  [1m[34mSELECT "friends".* FROM "friends"[0m
  ↳ app/views/friends/index.html.erb:6
  Rendered friends/_friend.html.erb (Duration: 0.3ms | Allocations: 32)
  Rendered friends/_friend.html.erb (Duration: 0.2ms | Allocations: 31)
  Rendered friends/index.html.erb within layouts/application (Duration: 9.1ms | Allocations: 1120)
  Rendered home/_header.html.erb (Duration: 0.7ms | Allocations: 165)
  Rendered layout layouts/application.html.erb (Duration: 21.9ms | Allocations: 3556)
Completed 200 OK in 26ms (Views: 22.3ms | ActiveRecord: 1.2ms | Allocations: 3843)


Started GET "/friends/new" for 127.0.0.1 at 2022-05-06 16:53:38 -0300
Processing by FriendsController#new as HTML
  Rendering layout layouts/application.html.erb
  Rendering friends/new.html.erb within layouts/application
  Rendered friends/_form.html.erb (Duration: 7.1ms | Allocations: 1742)
  Rendered friends/new.html.erb within layouts/application (Duration: 7.8ms | Allocations: 1850)
  Rendered home/_header.html.erb (Duration: 0.6ms | Allocations: 165)
  Rendered layout layouts/application.html.erb (Duration: 15.9ms | Allocations: 4290)
Completed 200 OK in 18ms (Views: 17.2ms | ActiveRecord: 0.0ms | Allocations: 4583)


Started POST "/friends" for 127.0.0.1 at 2022-05-06 16:53:44 -0300
Processing by FriendsController#create as TURBO_STREAM
  Parameters: {"authenticity_token"=>"[FILTERED]", "friend"=>{"first_name"=>"dasda", "last_name"=>"", "email"=>"", "phone"=>"", "twitter"=>""}, "commit"=>"Create Friend"}
  [1m[36mTRANSACTION (0.4ms)[0m  [1m[35mBEGIN[0m
  ↳ app/controllers/friends_controller.rb:27:in `block in create'
  [1m[36mFriend Create (0.9ms)[0m  [1m[32mINSERT INTO "friends" ("first_name", "last_name", "email", "phone", "twitter", "created_at", "updated_at") VALUES ($1, $2, $3, $4, $5, $6, $7) RETURNING "id"[0m  [["first_name", "dasda"], ["last_name", ""], ["email", ""], ["phone", ""], ["twitter", ""], ["created_at", "2022-05-06 19:53:44.771177"], ["updated_at", "2022-05-06 19:53:44.771177"]]
  ↳ app/controllers/friends_controller.rb:27:in `block in create'
  [1m[36mTRANSACTION (21.8ms)[0m  [1m[35mCOMMIT[0m
  ↳ app/controllers/friends_controller.rb:27:in `block in create'
Redirected to http://localhost:3000/friends/5
Completed 302 Found in 42ms (ActiveRecord: 23.1ms | Allocations: 2458)


Started GET "/friends/5" for 127.0.0.1 at 2022-05-06 16:53:44 -0300
Processing by FriendsController#show as TURBO_STREAM
  Parameters: {"id"=>"5"}
  [1m[36mFriend Load (0.9ms)[0m  [1m[34mSELECT "friends".* FROM "friends" WHERE "friends"."id" = $1 LIMIT $2[0m  [["id", 5], ["LIMIT", 1]]
  ↳ app/controllers/friends_controller.rb:63:in `set_friend'
  Rendering layout layouts/application.html.erb
  Rendering friends/show.html.erb within layouts/application
  Rendered friends/_friend.html.erb (Duration: 0.4ms | Allocations: 32)
  Rendered friends/show.html.erb within layouts/application (Duration: 4.6ms | Allocations: 597)
  Rendered home/_header.html.erb (Duration: 0.9ms | Allocations: 165)
  Rendered layout layouts/application.html.erb (Duration: 17.5ms | Allocations: 3028)
Completed 200 OK in 27ms (Views: 19.4ms | ActiveRecord: 0.9ms | Allocations: 3827)


Started GET "/friends" for 127.0.0.1 at 2022-05-06 16:53:46 -0300
Processing by FriendsController#index as HTML
  Rendering layout layouts/application.html.erb
  Rendering friends/index.html.erb within layouts/application
  [1m[36mFriend Load (0.5ms)[0m  [1m[34mSELECT "friends".* FROM "friends"[0m
  ↳ app/views/friends/index.html.erb:6
  Rendered friends/_friend.html.erb (Duration: 0.3ms | Allocations: 32)
  Rendered friends/_friend.html.erb (Duration: 0.2ms | Allocations: 31)
  Rendered friends/_friend.html.erb (Duration: 0.2ms | Allocations: 31)
  Rendered friends/index.html.erb within layouts/application (Duration: 7.3ms | Allocations: 1286)
  Rendered home/_header.html.erb (Duration: 0.6ms | Allocations: 165)
  Rendered layout layouts/application.html.erb (Duration: 18.1ms | Allocations: 3719)
Completed 200 OK in 21ms (Views: 18.9ms | ActiveRecord: 0.5ms | Allocations: 4001)


Started GET "/friends/4" for 127.0.0.1 at 2022-05-06 16:53:56 -0300
Processing by FriendsController#show as HTML
  Parameters: {"id"=>"4"}
  [1m[36mFriend Load (0.4ms)[0m  [1m[34mSELECT "friends".* FROM "friends" WHERE "friends"."id" = $1 LIMIT $2[0m  [["id", 4], ["LIMIT", 1]]
  ↳ app/controllers/friends_controller.rb:63:in `set_friend'
  Rendering layout layouts/application.html.erb
  Rendering friends/show.html.erb within layouts/application
  Rendered friends/_friend.html.erb (Duration: 0.3ms | Allocations: 32)
  Rendered friends/show.html.erb within layouts/application (Duration: 2.3ms | Allocations: 591)
  Rendered home/_header.html.erb (Duration: 1.3ms | Allocations: 165)
  Rendered layout layouts/application.html.erb (Duration: 9.5ms | Allocations: 3016)
Completed 200 OK in 14ms (Views: 10.6ms | ActiveRecord: 0.4ms | Allocations: 3811)


Started DELETE "/friends/4" for 127.0.0.1 at 2022-05-06 16:53:57 -0300
Processing by FriendsController#destroy as TURBO_STREAM
  Parameters: {"authenticity_token"=>"[FILTERED]", "id"=>"4"}
  [1m[36mFriend Load (1.0ms)[0m  [1m[34mSELECT "friends".* FROM "friends" WHERE "friends"."id" = $1 LIMIT $2[0m  [["id", 4], ["LIMIT", 1]]
  ↳ app/controllers/friends_controller.rb:63:in `set_friend'
  [1m[36mTRANSACTION (0.5ms)[0m  [1m[35mBEGIN[0m
  ↳ app/controllers/friends_controller.rb:52:in `destroy'
  [1m[36mFriend Destroy (0.9ms)[0m  [1m[31mDELETE FROM "friends" WHERE "friends"."id" = $1[0m  [["id", 4]]
  ↳ app/controllers/friends_controller.rb:52:in `destroy'
  [1m[36mTRANSACTION (22.3ms)[0m  [1m[35mCOMMIT[0m
  ↳ app/controllers/friends_controller.rb:52:in `destroy'
Redirected to http://localhost:3000/friends
Completed 302 Found in 43ms (ActiveRecord: 24.7ms | Allocations: 2533)


Started GET "/friends" for 127.0.0.1 at 2022-05-06 16:53:57 -0300
Processing by FriendsController#index as TURBO_STREAM
  Rendering layout layouts/application.html.erb
  Rendering friends/index.html.erb within layouts/application
  [1m[36mFriend Load (0.9ms)[0m  [1m[34mSELECT "friends".* FROM "friends"[0m
  ↳ app/views/friends/index.html.erb:6
  Rendered friends/_friend.html.erb (Duration: 0.3ms | Allocations: 32)
  Rendered friends/_friend.html.erb (Duration: 0.3ms | Allocations: 31)
  Rendered friends/index.html.erb within layouts/application (Duration: 11.1ms | Allocations: 1139)
  Rendered home/_header.html.erb (Duration: 0.8ms | Allocations: 165)
  Rendered layout layouts/application.html.erb (Duration: 23.1ms | Allocations: 3572)
Completed 200 OK in 26ms (Views: 24.0ms | ActiveRecord: 0.9ms | Allocations: 3857)


Started GET "/friends/5" for 127.0.0.1 at 2022-05-06 16:54:00 -0300
Processing by FriendsController#show as HTML
  Parameters: {"id"=>"5"}
  [1m[36mFriend Load (0.6ms)[0m  [1m[34mSELECT "friends".* FROM "friends" WHERE "friends"."id" = $1 LIMIT $2[0m  [["id", 5], ["LIMIT", 1]]
  ↳ app/controllers/friends_controller.rb:63:in `set_friend'
  Rendering layout layouts/application.html.erb
  Rendering friends/show.html.erb within layouts/application
  Rendered friends/_friend.html.erb (Duration: 0.3ms | Allocations: 32)
  Rendered friends/show.html.erb within layouts/application (Duration: 3.5ms | Allocations: 597)
  Rendered home/_header.html.erb (Duration: 1.4ms | Allocations: 165)
  Rendered layout layouts/application.html.erb (Duration: 15.8ms | Allocations: 3022)
Completed 200 OK in 22ms (Views: 17.2ms | ActiveRecord: 0.6ms | Allocations: 3816)


Started DELETE "/friends/5" for 127.0.0.1 at 2022-05-06 16:54:02 -0300
Processing by FriendsController#destroy as TURBO_STREAM
  Parameters: {"authenticity_token"=>"[FILTERED]", "id"=>"5"}
  [1m[36mFriend Load (1.0ms)[0m  [1m[34mSELECT "friends".* FROM "friends" WHERE "friends"."id" = $1 LIMIT $2[0m  [["id", 5], ["LIMIT", 1]]
  ↳ app/controllers/friends_controller.rb:63:in `set_friend'
  [1m[36mTRANSACTION (0.5ms)[0m  [1m[35mBEGIN[0m
  ↳ app/controllers/friends_controller.rb:52:in `destroy'
  [1m[36mFriend Destroy (0.9ms)[0m  [1m[31mDELETE FROM "friends" WHERE "friends"."id" = $1[0m  [["id", 5]]
  ↳ app/controllers/friends_controller.rb:52:in `destroy'
  [1m[36mTRANSACTION (21.2ms)[0m  [1m[35mCOMMIT[0m
  ↳ app/controllers/friends_controller.rb:52:in `destroy'
Redirected to http://localhost:3000/friends
Completed 302 Found in 41ms (ActiveRecord: 23.6ms | Allocations: 2447)


Started GET "/friends" for 127.0.0.1 at 2022-05-06 16:54:02 -0300
Processing by FriendsController#index as TURBO_STREAM
  Rendering layout layouts/application.html.erb
  Rendering friends/index.html.erb within layouts/application
  [1m[36mFriend Load (0.9ms)[0m  [1m[34mSELECT "friends".* FROM "friends"[0m
  ↳ app/views/friends/index.html.erb:6
  Rendered friends/_friend.html.erb (Duration: 0.4ms | Allocations: 32)
  Rendered friends/index.html.erb within layouts/application (Duration: 10.5ms | Allocations: 1006)
  Rendered home/_header.html.erb (Duration: 0.8ms | Allocations: 165)
  Rendered layout layouts/application.html.erb (Duration: 22.7ms | Allocations: 3439)
Completed 200 OK in 26ms (Views: 23.7ms | ActiveRecord: 0.9ms | Allocations: 3724)


Started GET "/" for 127.0.0.1 at 2022-05-06 16:58:57 -0300
  [1m[36mActiveRecord::SchemaMigration Pluck (1.3ms)[0m  [1m[34mSELECT "schema_migrations"."version" FROM "schema_migrations" ORDER BY "schema_migrations"."version" ASC[0m
Processing by HomeController#index as HTML
  Rendering layout layouts/application.html.erb
  Rendering home/index.html.erb within layouts/application
  Rendered home/index.html.erb within layouts/application (Duration: 1.4ms | Allocations: 341)
  Rendered home/_header.html.erb (Duration: 1.4ms | Allocations: 495)
  Rendered layout layouts/application.html.erb (Duration: 100.0ms | Allocations: 35513)
Completed 200 OK in 115ms (Views: 104.6ms | ActiveRecord: 0.0ms | Allocations: 38751)


Started GET "/friends/new" for 127.0.0.1 at 2022-05-06 16:59:00 -0300
Processing by FriendsController#new as HTML
  Rendering layout layouts/application.html.erb
  Rendering friends/new.html.erb within layouts/application
  Rendered friends/_form.html.erb (Duration: 12.2ms | Allocations: 4133)
  Rendered friends/new.html.erb within layouts/application (Duration: 13.6ms | Allocations: 4523)
  Rendered home/_header.html.erb (Duration: 0.5ms | Allocations: 176)
  Rendered layout layouts/application.html.erb (Duration: 20.8ms | Allocations: 7173)
Completed 200 OK in 53ms (Views: 22.7ms | ActiveRecord: 7.2ms | Allocations: 13724)


Started POST "/friends" for 127.0.0.1 at 2022-05-06 16:59:03 -0300
Processing by FriendsController#create as TURBO_STREAM
  Parameters: {"authenticity_token"=>"[FILTERED]", "friend"=>{"first_name"=>"a", "last_name"=>"", "email"=>"", "phone"=>"", "twitter"=>""}, "commit"=>"Create Friend"}
  [1m[36mTRANSACTION (0.4ms)[0m  [1m[35mBEGIN[0m
  ↳ app/controllers/friends_controller.rb:27:in `block in create'
  [1m[36mFriend Create (1.5ms)[0m  [1m[32mINSERT INTO "friends" ("first_name", "last_name", "email", "phone", "twitter", "created_at", "updated_at") VALUES ($1, $2, $3, $4, $5, $6, $7) RETURNING "id"[0m  [["first_name", "a"], ["last_name", ""], ["email", ""], ["phone", ""], ["twitter", ""], ["created_at", "2022-05-06 19:59:03.506667"], ["updated_at", "2022-05-06 19:59:03.506667"]]
  ↳ app/controllers/friends_controller.rb:27:in `block in create'
  [1m[36mTRANSACTION (34.1ms)[0m  [1m[35mCOMMIT[0m
  ↳ app/controllers/friends_controller.rb:27:in `block in create'
Redirected to http://localhost:3000/friends/6
Completed 302 Found in 57ms (ActiveRecord: 36.0ms | Allocations: 4091)


Started GET "/friends/6" for 127.0.0.1 at 2022-05-06 16:59:03 -0300
Processing by FriendsController#show as TURBO_STREAM
  Parameters: {"id"=>"6"}
  [1m[36mFriend Load (1.2ms)[0m  [1m[34mSELECT "friends".* FROM "friends" WHERE "friends"."id" = $1 LIMIT $2[0m  [["id", 6], ["LIMIT", 1]]
  ↳ app/controllers/friends_controller.rb:63:in `set_friend'
  Rendering layout layouts/application.html.erb
  Rendering friends/show.html.erb within layouts/application
  Rendered friends/_friend.html.erb (Duration: 2.1ms | Allocations: 310)
  Rendered friends/show.html.erb within layouts/application (Duration: 10.8ms | Allocations: 1694)
  Rendered home/_header.html.erb (Duration: 0.9ms | Allocations: 165)
  Rendered layout layouts/application.html.erb (Duration: 23.5ms | Allocations: 4230)
Completed 200 OK in 44ms (Views: 25.9ms | ActiveRecord: 1.8ms | Allocations: 7188)


Started GET "/friends" for 127.0.0.1 at 2022-05-06 16:59:05 -0300
Processing by FriendsController#index as HTML
  Rendering layout layouts/application.html.erb
  Rendering friends/index.html.erb within layouts/application
  [1m[36mFriend Load (0.8ms)[0m  [1m[34mSELECT "friends".* FROM "friends"[0m
  ↳ app/views/friends/index.html.erb:6
  Rendered friends/_friend.html.erb (Duration: 0.2ms | Allocations: 32)
  Rendered friends/_friend.html.erb (Duration: 0.2ms | Allocations: 31)
  Rendered friends/index.html.erb within layouts/application (Duration: 9.7ms | Allocations: 1562)
  Rendered home/_header.html.erb (Duration: 0.7ms | Allocations: 165)
  Rendered layout layouts/application.html.erb (Duration: 19.5ms | Allocations: 3998)
Completed 200 OK in 22ms (Views: 20.1ms | ActiveRecord: 0.8ms | Allocations: 4406)


Started GET "/friends/6" for 127.0.0.1 at 2022-05-06 16:59:07 -0300
Processing by FriendsController#show as HTML
  Parameters: {"id"=>"6"}
  [1m[36mFriend Load (0.5ms)[0m  [1m[34mSELECT "friends".* FROM "friends" WHERE "friends"."id" = $1 LIMIT $2[0m  [["id", 6], ["LIMIT", 1]]
  ↳ app/controllers/friends_controller.rb:63:in `set_friend'
  Rendering layout layouts/application.html.erb
  Rendering friends/show.html.erb within layouts/application
  Rendered friends/_friend.html.erb (Duration: 0.2ms | Allocations: 32)
  Rendered friends/show.html.erb within layouts/application (Duration: 2.3ms | Allocations: 660)
  Rendered home/_header.html.erb (Duration: 0.9ms | Allocations: 165)
  Rendered layout layouts/application.html.erb (Duration: 11.5ms | Allocations: 3101)
Completed 200 OK in 16ms (Views: 12.3ms | ActiveRecord: 0.5ms | Allocations: 3941)


Started DELETE "/friends/6" for 127.0.0.1 at 2022-05-06 16:59:09 -0300
Processing by FriendsController#destroy as TURBO_STREAM
  Parameters: {"authenticity_token"=>"[FILTERED]", "id"=>"6"}
  [1m[36mFriend Load (1.1ms)[0m  [1m[34mSELECT "friends".* FROM "friends" WHERE "friends"."id" = $1 LIMIT $2[0m  [["id", 6], ["LIMIT", 1]]
  ↳ app/controllers/friends_controller.rb:63:in `set_friend'
  [1m[36mTRANSACTION (0.4ms)[0m  [1m[35mBEGIN[0m
  ↳ app/controllers/friends_controller.rb:52:in `destroy'
  [1m[36mFriend Destroy (0.9ms)[0m  [1m[31mDELETE FROM "friends" WHERE "friends"."id" = $1[0m  [["id", 6]]
  ↳ app/controllers/friends_controller.rb:52:in `destroy'
  [1m[36mTRANSACTION (12.6ms)[0m  [1m[35mCOMMIT[0m
  ↳ app/controllers/friends_controller.rb:52:in `destroy'
Redirected to http://localhost:3000/friends
Completed 302 Found in 32ms (ActiveRecord: 15.0ms | Allocations: 2633)


Started GET "/friends" for 127.0.0.1 at 2022-05-06 16:59:09 -0300
Processing by FriendsController#index as TURBO_STREAM
  Rendering layout layouts/application.html.erb
  Rendering friends/index.html.erb within layouts/application
  [1m[36mFriend Load (0.9ms)[0m  [1m[34mSELECT "friends".* FROM "friends"[0m
  ↳ app/views/friends/index.html.erb:6
  Rendered friends/_friend.html.erb (Duration: 0.3ms | Allocations: 32)
  Rendered friends/index.html.erb within layouts/application (Duration: 8.4ms | Allocations: 1059)
  Rendered home/_header.html.erb (Duration: 0.9ms | Allocations: 165)
  Rendered layout layouts/application.html.erb (Duration: 21.8ms | Allocations: 3492)
Completed 200 OK in 25ms (Views: 22.5ms | ActiveRecord: 0.9ms | Allocations: 3777)


Started GET "/" for 127.0.0.1 at 2022-05-06 17:04:37 -0300
Processing by HomeController#index as HTML
  Rendering layout layouts/application.html.erb
  Rendering home/index.html.erb within layouts/application
  Rendered home/index.html.erb within layouts/application (Duration: 0.2ms | Allocations: 18)
  Rendered home/_header.html.erb (Duration: 1.6ms | Allocations: 175)
  Rendered layout layouts/application.html.erb (Duration: 14.3ms | Allocations: 2696)
Completed 200 OK in 17ms (Views: 15.8ms | ActiveRecord: 0.0ms | Allocations: 2964)


